<!DOCTYPE html PUBLIC "-//W3C//DTD XHTML 1.1//EN" "https://www.w3.org/TR/xhtml11/DTD/xhtml11.dtd">
<html xmlns="https://www.w3.org/1999/xhtml">
<head>
<meta http-equiv="content-type" content="text/html; charset=UTF-8"/>
<title>TestNG Report</title>
<style type="text/css">table {margin-bottom:10px;border-collapse:collapse;empty-cells:show}th,td {border:1px solid #009;padding:.25em .5em}th {vertical-align:bottom}td {vertical-align:top}table a {font-weight:bold}.stripe td {background-color: #E6EBF9}.num {text-align:right}.passedodd td {background-color: #3F3}.passedeven td {background-color: #0A0}.skippedodd td {background-color: #DDD}.skippedeven td {background-color: #CCC}.failedodd td,.attn {background-color: #F33}.failedeven td,.stripe .attn {background-color: #D00}.stacktrace {white-space:pre;font-family:monospace}.totop {font-size:85%;text-align:center;border-bottom:2px solid #000}.invisible {display:none}</style>
</head>
<body>
<table>
<tr><th>Test</th><th># Passed</th><th># Skipped</th><th># Retried</th><th># Failed</th><th>Time (ms)</th><th>Included Groups</th><th>Excluded Groups</th></tr>
<tr><th colspan="8">Suite</th></tr>
<tr><td><a href="#t0">Test</a></td><td class="num">25</td><td class="num">0</td><td class="num attn">1</td><td class="num attn">3</td><td class="num">170,218</td><td></td><td></td></tr>
</table>
<table id='summary'><thead><tr><th>Class</th><th>Method</th><th>Start</th><th>Time (ms)</th></tr></thead><tbody><tr><th colspan="4">Suite</th></tr></tbody><tbody id="t0"><tr><th colspan="4">Test &#8212; failed</th></tr><tr class="failedeven"><td rowspan="3">com.obsqura.testscripts.LoginPageTest</td><td><a href="#m0">verifylogin</a></td><td rowspan="3">1682451846832</td><td rowspan="3">625</td></tr><tr class="failedeven"><td><a href="#m1">verifylogin</a></td></tr><tr class="failedeven"><td><a href="#m2">verifylogin</a></td></tr><tr><th colspan="4">Test &#8212; retried</th></tr><tr class="retriedeven"><td rowspan="1">com.obsqura.testscripts.ExpenseCategoryTest</td><td><a href="#m3">verifyAddingExpenseCategoryInformationswithDuplicateTitle</a></td><td rowspan="1">1682451929842</td><td rowspan="1">21812</td></tr><tr><th colspan="4">Test &#8212; passed</th></tr><tr class="passedeven"><td rowspan="4">com.obsqura.testscripts.AdminUsersTest</td><td><a href="#m4">verifyAddingUsersInformations</a></td><td rowspan="1">1682451899114</td><td rowspan="1">2867</td></tr><tr class="passedeven"><td><a href="#m5">verifyDeleteFunctionalityAndCheckAlert</a></td><td rowspan="1">1682451904514</td><td rowspan="1">2476</td></tr><tr class="passedeven"><td><a href="#m6">verifyWhenClickingHomeinAdminUsersPageitgoestoDashBoardPage</a></td><td rowspan="1">1682451915100</td><td rowspan="1">2174</td></tr><tr class="passedeven"><td><a href="#m7">verifydropdownMenuWhenAddingUsersInformation</a></td><td rowspan="1">1682451919559</td><td rowspan="1">2054</td></tr><tr class="passedodd"><td rowspan="3">com.obsqura.testscripts.ExpenseCategoryTest</td><td><a href="#m8">verifyAddingExpenseCategoryInformationswithDuplicateTitle</a></td><td rowspan="1">1682451957810</td><td rowspan="1">3271</td></tr><tr class="passedodd"><td><a href="#m9">verifyRowCountofExpenseCategoryTable</a></td><td rowspan="1">1682451963544</td><td rowspan="1">1819</td></tr><tr class="passedodd"><td><a href="#m10">verifyWidthOfActionColumn</a></td><td rowspan="1">1682451967916</td><td rowspan="1">1411</td></tr><tr class="passedeven"><td rowspan="3">com.obsqura.testscripts.LoginPageTest</td><td><a href="#m11">verifyAlertMessageWithInvalidUsernameAndValidPassword</a></td><td rowspan="1">1682451834540</td><td rowspan="1">1503</td></tr><tr class="passedeven"><td><a href="#m12">verifyLoginwithValidUsernameAndPassword</a></td><td rowspan="1">1682451840242</td><td rowspan="1">1009</td></tr><tr class="passedeven"><td><a href="#m13">verifylogin</a></td><td rowspan="1">1682451853525</td><td rowspan="1">831</td></tr><tr class="passedodd"><td rowspan="3">com.obsqura.testscripts.ManageDeliveryBoyTest</td><td><a href="#m14">verifyTitleListDeliveryBoyWhenNavigatetoTheManageDeliveryBoyPage</a></td><td rowspan="1">1682451971761</td><td rowspan="1">1605</td></tr><tr class="passedodd"><td><a href="#m15">verifynewDeliveryBoyDetailsUpdated</a></td><td rowspan="1">1682451975847</td><td rowspan="1">5633</td></tr><tr class="passedodd"><td><a href="#m16">verifythatWhenaddingNewDeliveryBoyduplicateUserNameisNotAllowed</a></td><td rowspan="1">1682451983839</td><td rowspan="1">3109</td></tr><tr class="passedeven"><td rowspan="1">com.obsqura.testscripts.ManageOfferCodeTest</td><td><a href="#m17">verifyNewFunctinalityinOfferCodesListAndOffercodeUpdatedSuccessfully</a></td><td rowspan="1">1682451923923</td><td rowspan="1">3422</td></tr><tr class="passedodd"><td rowspan="2">com.obsqura.testscripts.ManagePagesTest</td><td><a href="#m18">verifyBackgroundColorOfNewButton</a></td><td rowspan="1">1682451871157</td><td rowspan="1">3983</td></tr><tr class="passedodd"><td><a href="#m19">verifySearchfunctinality</a></td><td rowspan="1">1682451877385</td><td rowspan="1">2208</td></tr><tr class="passedeven"><td rowspan="2">com.obsqura.testscripts.ManagePaymentMethodsTest</td><td><a href="#m20">verifytableheadersofManagePaymentMethods</a></td><td rowspan="1">1682451890258</td><td rowspan="1">1790</td></tr><tr class="passedeven"><td><a href="#m21">verifythatEditchangesInPaylimitUpdatedInManagePaymentMethodsTable</a></td><td rowspan="1">1682451894289</td><td rowspan="1">2541</td></tr><tr class="passedodd"><td rowspan="2">com.obsqura.testscripts.ManageProductTest</td><td><a href="#m22">verifyColorChangeofStockUnlimitedButtontoLimited</a></td><td rowspan="1">1682451856745</td><td rowspan="1">2030</td></tr><tr class="passedodd"><td><a href="#m23">verifyManageProductPageIsAvailableWhenClickintoManageProductfromleftPane</a></td><td rowspan="1">1682451861066</td><td rowspan="1">1443</td></tr><tr class="passedeven"><td rowspan="2">com.obsqura.testscripts.ManageSliderTest</td><td><a href="#m24">verifyImageUploadedSuccesfully</a></td><td rowspan="1">1682451989246</td><td rowspan="1">7870</td></tr><tr class="passedeven"><td><a href="#m25">verifyeditbuttonAllignedBeforeDeleteButton</a></td><td rowspan="1">1682451999632</td><td rowspan="1">1802</td></tr><tr class="passedodd"><td rowspan="2">com.obsqura.testscripts.ManageUsersTest</td><td><a href="#m26">verifyBackGroundColorOfAlert</a></td><td rowspan="1">1682451881820</td><td rowspan="1">2007</td></tr><tr class="passedodd"><td><a href="#m27">verifythatWhenclickingPaaswordButtonPasswordIsShownInBelowRow</a></td><td rowspan="1">1682451886124</td><td rowspan="1">1559</td></tr><tr class="passedeven"><td rowspan="1">com.obsqura.testscripts.PushNotificationsTest</td><td><a href="#m28">verfyNotificationSentSuccessfully</a></td><td rowspan="1">1682451864844</td><td rowspan="1">2622</td></tr></tbody>
</table>
<h2>Test</h2><h3 id="m0">com.obsqura.testscripts.LoginPageTest#verifylogin</h3><table class="result"><tr class="param"><th>Parameter #1</th><th>Parameter #2</th></tr><tr class="param stripe"><td>Anu</td><td>admin</td></tr><tr><th colspan="2">Exception</th></tr><tr><td colspan="2"><div class="stacktrace">java.lang.AssertionError: Invalid Username/Password expected [Login | 7rmart supermarket] but found [Dashboard | 7rmart supermarket]
	at com.obsqura.testscripts.LoginPageTest.verifylogin(LoginPageTest.java:31)
	at java.base/java.util.ArrayList.forEach(ArrayList.java:1511)
... Removed 30 stack frames</div></td></tr></table><p class="totop"><a href="#summary">back to summary</a></p>
<h3 id="m1">com.obsqura.testscripts.LoginPageTest#verifylogin</h3><table class="result"><tr class="param"><th>Parameter #1</th><th>Parameter #2</th></tr><tr class="param stripe"><td>user</td><td>ad43</td></tr><tr><th colspan="2">Exception</th></tr><tr><td colspan="2"><div class="stacktrace">java.lang.AssertionError: Invalid Username/Password expected [Login | 7rmart supermarket] but found [Dashboard | 7rmart supermarket]
	at com.obsqura.testscripts.LoginPageTest.verifylogin(LoginPageTest.java:31)
	at java.base/java.util.ArrayList.forEach(ArrayList.java:1511)
... Removed 30 stack frames</div></td></tr></table><p class="totop"><a href="#summary">back to summary</a></p>
<h3 id="m2">com.obsqura.testscripts.LoginPageTest#verifylogin</h3><table class="result"><tr class="param"><th>Parameter #1</th><th>Parameter #2</th></tr><tr class="param stripe"><td>admin</td><td>rev</td></tr><tr><th colspan="2">Exception</th></tr><tr><td colspan="2"><div class="stacktrace">java.lang.AssertionError: Invalid Username/Password expected [Login | 7rmart supermarket] but found [Dashboard | 7rmart supermarket]
	at com.obsqura.testscripts.LoginPageTest.verifylogin(LoginPageTest.java:31)
	at java.base/java.util.ArrayList.forEach(ArrayList.java:1511)
... Removed 30 stack frames</div></td></tr></table><p class="totop"><a href="#summary">back to summary</a></p>
<h3 id="m3">com.obsqura.testscripts.ExpenseCategoryTest#verifyAddingExpenseCategoryInformationswithDuplicateTitle</h3><table class="result"><tr><th>Exception</th></tr><tr><td><div class="stacktrace">org.openqa.selenium.TimeoutException: Expected condition failed: waiting for visibility of Proxy element for: DefaultElementLocator &apos;By.xpath: //a[@onclick=&apos;click_button(1)&apos;]&apos; (tried for 10 second(s) with 500 milliseconds interval)
	at org.openqa.selenium.support.ui.WebDriverWait.timeoutException(WebDriverWait.java:87)
	at org.openqa.selenium.support.ui.FluentWait.until(FluentWait.java:231)
	at utilities.WaitUtility.waitForElementIsPresent(WaitUtility.java:77)
	at com.obsqura.pages.ExpenseCategoryPage.clickNewButton(ExpenseCategoryPage.java:66)
	at com.obsqura.testscripts.ExpenseCategoryTest.verifyAddingExpenseCategoryInformationswithDuplicateTitle(ExpenseCategoryTest.java:52)
	at java.base/java.util.ArrayList.forEach(ArrayList.java:1511)
Caused by: org.openqa.selenium.NoSuchElementException: no such element: Unable to locate element: {&quot;method&quot;:&quot;xpath&quot;,&quot;selector&quot;:&quot;//a[@onclick=&apos;click_button(1)&apos;]&quot;}
  (Session info: chrome=112.0.5615.138)
For documentation on this error, please visit: https://selenium.dev/exceptions/#no_such_element
Build info: version: &apos;4.7.2&apos;, revision: &apos;4d4020c3b7&apos;
System info: os.name: &apos;Windows 11&apos;, os.arch: &apos;amd64&apos;, os.version: &apos;10.0&apos;, java.version: &apos;19.0.2&apos;
Driver info: org.openqa.selenium.chrome.ChromeDriver
Command: [5946f0e4ab730a68ff4d2f66ff2f4cbf, findElement {using=xpath, value=//a[@onclick=&apos;click_button(1)&apos;]}]
Capabilities {acceptInsecureCerts: false, browserName: chrome, browserVersion: 112.0.5615.138, chrome: {chromedriverVersion: 112.0.5615.49 (bd2a7bcb881c..., userDataDir: C:\Users\Admin\AppData\Loca...}, goog:chromeOptions: {debuggerAddress: localhost:58385}, networkConnectionEnabled: false, pageLoadStrategy: normal, platformName: WINDOWS, proxy: Proxy(), se:cdp: ws://localhost:58385/devtoo..., se:cdpVersion: 112.0.5615.138, setWindowRect: true, strictFileInteractability: false, timeouts: {implicit: 0, pageLoad: 300000, script: 30000}, unhandledPromptBehavior: dismiss and notify, webauthn:extension:credBlob: true, webauthn:extension:largeBlob: true, webauthn:extension:minPinLength: true, webauthn:extension:prf: true, webauthn:virtualAuthenticators: true}
Session ID: 5946f0e4ab730a68ff4d2f66ff2f4cbf
	at org.openqa.selenium.remote.codec.w3c.W3CHttpResponseCodec.createException(W3CHttpResponseCodec.java:200)
	at org.openqa.selenium.remote.codec.w3c.W3CHttpResponseCodec.decode(W3CHttpResponseCodec.java:133)
	at org.openqa.selenium.remote.codec.w3c.W3CHttpResponseCodec.decode(W3CHttpResponseCodec.java:53)
	at org.openqa.selenium.remote.HttpCommandExecutor.execute(HttpCommandExecutor.java:184)
	at org.openqa.selenium.remote.service.DriverCommandExecutor.invokeExecute(DriverCommandExecutor.java:167)
	at org.openqa.selenium.remote.service.DriverCommandExecutor.execute(DriverCommandExecutor.java:142)
	at org.openqa.selenium.remote.RemoteWebDriver.execute(RemoteWebDriver.java:535)
	at org.openqa.selenium.remote.ElementLocation$ElementFinder$2.findElement(ElementLocation.java:162)
	at org.openqa.selenium.remote.ElementLocation.findElement(ElementLocation.java:60)
	at org.openqa.selenium.remote.RemoteWebDriver.findElement(RemoteWebDriver.java:351)
	at org.openqa.selenium.remote.RemoteWebDriver.findElement(RemoteWebDriver.java:343)
	at org.openqa.selenium.support.pagefactory.DefaultElementLocator.findElement(DefaultElementLocator.java:70)
	at org.openqa.selenium.support.pagefactory.internal.LocatingElementHandler.invoke(LocatingElementHandler.java:39)
	at jdk.proxy2/jdk.proxy2.$Proxy19.isDisplayed(Unknown Source)
	at org.openqa.selenium.support.ui.ExpectedConditions.elementIfVisible(ExpectedConditions.java:307)
	at org.openqa.selenium.support.ui.ExpectedConditions.access$000(ExpectedConditions.java:40)
	at org.openqa.selenium.support.ui.ExpectedConditions$10.apply(ExpectedConditions.java:293)
	at org.openqa.selenium.support.ui.ExpectedConditions$10.apply(ExpectedConditions.java:290)
	at org.openqa.selenium.support.ui.FluentWait.until(FluentWait.java:208)
	... 29 more
... Removed 28 stack frames</div></td></tr></table><p class="totop"><a href="#summary">back to summary</a></p>
<h3 id="m4">com.obsqura.testscripts.AdminUsersTest#verifyAddingUsersInformations</h3><table class="result"><tr><th class="invisible"/></tr></table><p class="totop"><a href="#summary">back to summary</a></p>
<h3 id="m5">com.obsqura.testscripts.AdminUsersTest#verifyDeleteFunctionalityAndCheckAlert</h3><table class="result"><tr><th class="invisible"/></tr></table><p class="totop"><a href="#summary">back to summary</a></p>
<h3 id="m6">com.obsqura.testscripts.AdminUsersTest#verifyWhenClickingHomeinAdminUsersPageitgoestoDashBoardPage</h3><table class="result"><tr><th class="invisible"/></tr></table><p class="totop"><a href="#summary">back to summary</a></p>
<h3 id="m7">com.obsqura.testscripts.AdminUsersTest#verifydropdownMenuWhenAddingUsersInformation</h3><table class="result"><tr><th class="invisible"/></tr></table><p class="totop"><a href="#summary">back to summary</a></p>
<h3 id="m8">com.obsqura.testscripts.ExpenseCategoryTest#verifyAddingExpenseCategoryInformationswithDuplicateTitle</h3><table class="result"><tr><th class="invisible"/></tr></table><p class="totop"><a href="#summary">back to summary</a></p>
<h3 id="m9">com.obsqura.testscripts.ExpenseCategoryTest#verifyRowCountofExpenseCategoryTable</h3><table class="result"><tr><th class="invisible"/></tr></table><p class="totop"><a href="#summary">back to summary</a></p>
<h3 id="m10">com.obsqura.testscripts.ExpenseCategoryTest#verifyWidthOfActionColumn</h3><table class="result"><tr><th class="invisible"/></tr></table><p class="totop"><a href="#summary">back to summary</a></p>
<h3 id="m11">com.obsqura.testscripts.LoginPageTest#verifyAlertMessageWithInvalidUsernameAndValidPassword</h3><table class="result"><tr><th class="invisible"/></tr></table><p class="totop"><a href="#summary">back to summary</a></p>
<h3 id="m12">com.obsqura.testscripts.LoginPageTest#verifyLoginwithValidUsernameAndPassword</h3><table class="result"><tr><th class="invisible"/></tr></table><p class="totop"><a href="#summary">back to summary</a></p>
<h3 id="m13">com.obsqura.testscripts.LoginPageTest#verifylogin</h3><table class="result"><tr class="param"><th>Parameter #1</th><th>Parameter #2</th></tr><tr class="param stripe"><td>admin</td><td>admin</td></tr></table><p class="totop"><a href="#summary">back to summary</a></p>
<h3 id="m14">com.obsqura.testscripts.ManageDeliveryBoyTest#verifyTitleListDeliveryBoyWhenNavigatetoTheManageDeliveryBoyPage</h3><table class="result"><tr><th class="invisible"/></tr></table><p class="totop"><a href="#summary">back to summary</a></p>
<h3 id="m15">com.obsqura.testscripts.ManageDeliveryBoyTest#verifynewDeliveryBoyDetailsUpdated</h3><table class="result"><tr><th class="invisible"/></tr></table><p class="totop"><a href="#summary">back to summary</a></p>
<h3 id="m16">com.obsqura.testscripts.ManageDeliveryBoyTest#verifythatWhenaddingNewDeliveryBoyduplicateUserNameisNotAllowed</h3><table class="result"><tr><th class="invisible"/></tr></table><p class="totop"><a href="#summary">back to summary</a></p>
<h3 id="m17">com.obsqura.testscripts.ManageOfferCodeTest#verifyNewFunctinalityinOfferCodesListAndOffercodeUpdatedSuccessfully</h3><table class="result"><tr><th class="invisible"/></tr></table><p class="totop"><a href="#summary">back to summary</a></p>
<h3 id="m18">com.obsqura.testscripts.ManagePagesTest#verifyBackgroundColorOfNewButton</h3><table class="result"><tr><th class="invisible"/></tr></table><p class="totop"><a href="#summary">back to summary</a></p>
<h3 id="m19">com.obsqura.testscripts.ManagePagesTest#verifySearchfunctinality</h3><table class="result"><tr><th class="invisible"/></tr></table><p class="totop"><a href="#summary">back to summary</a></p>
<h3 id="m20">com.obsqura.testscripts.ManagePaymentMethodsTest#verifytableheadersofManagePaymentMethods</h3><table class="result"><tr><th class="invisible"/></tr></table><p class="totop"><a href="#summary">back to summary</a></p>
<h3 id="m21">com.obsqura.testscripts.ManagePaymentMethodsTest#verifythatEditchangesInPaylimitUpdatedInManagePaymentMethodsTable</h3><table class="result"><tr><th class="invisible"/></tr></table><p class="totop"><a href="#summary">back to summary</a></p>
<h3 id="m22">com.obsqura.testscripts.ManageProductTest#verifyColorChangeofStockUnlimitedButtontoLimited</h3><table class="result"><tr><th class="invisible"/></tr></table><p class="totop"><a href="#summary">back to summary</a></p>
<h3 id="m23">com.obsqura.testscripts.ManageProductTest#verifyManageProductPageIsAvailableWhenClickintoManageProductfromleftPane</h3><table class="result"><tr><th class="invisible"/></tr></table><p class="totop"><a href="#summary">back to summary</a></p>
<h3 id="m24">com.obsqura.testscripts.ManageSliderTest#verifyImageUploadedSuccesfully</h3><table class="result"><tr><th class="invisible"/></tr></table><p class="totop"><a href="#summary">back to summary</a></p>
<h3 id="m25">com.obsqura.testscripts.ManageSliderTest#verifyeditbuttonAllignedBeforeDeleteButton</h3><table class="result"><tr><th class="invisible"/></tr></table><p class="totop"><a href="#summary">back to summary</a></p>
<h3 id="m26">com.obsqura.testscripts.ManageUsersTest#verifyBackGroundColorOfAlert</h3><table class="result"><tr><th class="invisible"/></tr></table><p class="totop"><a href="#summary">back to summary</a></p>
<h3 id="m27">com.obsqura.testscripts.ManageUsersTest#verifythatWhenclickingPaaswordButtonPasswordIsShownInBelowRow</h3><table class="result"><tr><th class="invisible"/></tr></table><p class="totop"><a href="#summary">back to summary</a></p>
<h3 id="m28">com.obsqura.testscripts.PushNotificationsTest#verfyNotificationSentSuccessfully</h3><table class="result"><tr><th class="invisible"/></tr></table><p class="totop"><a href="#summary">back to summary</a></p>
</body>
</html>
