<html>
<head>
<title>TestNG:  Test</title>
<link href="../testng.css" rel="stylesheet" type="text/css" />
<link href="../my-testng.css" rel="stylesheet" type="text/css" />

<style type="text/css">
.log { display: none;} 
.stack-trace { display: none;} 
</style>
<script type="text/javascript">
<!--
function flip(e) {
  current = e.style.display;
  if (current == 'block') {
    e.style.display = 'none';
    return 0;
  }
  else {
    e.style.display = 'block';
    return 1;
  }
}

function toggleBox(szDivId, elem, msg1, msg2)
{
  var res = -1;  if (document.getElementById) {
    res = flip(document.getElementById(szDivId));
  }
  else if (document.all) {
    // this is the way old msie versions work
    res = flip(document.all[szDivId]);
  }
  if(elem) {
    if(res == 0) elem.innerHTML = msg1; else elem.innerHTML = msg2;
  }

}

function toggleAllBoxes() {
  if (document.getElementsByTagName) {
    d = document.getElementsByTagName('div');
    for (i = 0; i < d.length; i++) {
      if (d[i].className == 'log') {
        flip(d[i]);
      }
    }
  }
}

// -->
</script>

</head>
<body>
<h2 align='center'>Test</h2><table border='1' align="center">
<tr>
<td>Tests passed/Failed/Skipped:</td><td>33/0/2</td>
</tr><tr>
<td>Started on:</td><td>Mon May 01 21:50:41 IST 2023</td>
</tr>
<tr><td>Total time:</td><td>228 seconds (228847 ms)</td>
</tr><tr>
<td>Included groups:</td><td></td>
</tr><tr>
<td>Excluded groups:</td><td></td>
</tr>
</table><p/>
<small><i>(Hover the method name to see the test class name)</i></small><p/>
<table width='100%' border='1' class='invocation-passed'>
<tr><td colspan='4' align='center'><b>PASSED TESTS</b></td></tr>
<tr><td><b>Test method</b></td>
<td width="30%"><b>Exception</b></td>
<td width="10%"><b>Time (seconds)</b></td>
<td><b>Instance</b></td>
</tr>
<tr>
<td title='com.obsqura.testscripts.ManageDeliveryBoyTest.verifyTitleListDeliveryBoyWhenNavigatetoTheManageDeliveryBoyPage()'><b>verifyTitleListDeliveryBoyWhenNavigatetoTheManageDeliveryBoyPage</b><br>Test class: com.obsqura.testscripts.ManageDeliveryBoyTest</td>
<td></td>
<td>1</td>
<td>com.obsqura.testscripts.ManageDeliveryBoyTest@689604d9</td></tr>
<tr>
<td title='com.obsqura.testscripts.AdminUsersTest.verifyDeleteFunctionalityAndCheckAlert()'><b>verifyDeleteFunctionalityAndCheckAlert</b><br>Test class: com.obsqura.testscripts.AdminUsersTest</td>
<td></td>
<td>2</td>
<td>com.obsqura.testscripts.AdminUsersTest@4c371370</td></tr>
<tr>
<td title='com.obsqura.testscripts.ExpenseCategoryTest.verifyWidthOfActionColumn()'><b>verifyWidthOfActionColumn</b><br>Test class: com.obsqura.testscripts.ExpenseCategoryTest</td>
<td></td>
<td>1</td>
<td>com.obsqura.testscripts.ExpenseCategoryTest@799f10e1</td></tr>
<tr>
<td title='com.obsqura.testscripts.ManageLocationTest.verifyEditFunctionality()'><b>verifyEditFunctionality</b><br>Test class: com.obsqura.testscripts.ManageLocationTest</td>
<td></td>
<td>3</td>
<td>com.obsqura.testscripts.ManageLocationTest@313ac989</td></tr>
<tr>
<td title='com.obsqura.testscripts.LoginPageTest.verifylogin()'><b>verifylogin</b><br>Test class: com.obsqura.testscripts.LoginPageTest<br>Parameters: user, ad43</td>
<td></td>
<td>1</td>
<td>com.obsqura.testscripts.LoginPageTest@7f3b84b8</td></tr>
<tr>
<td title='com.obsqura.testscripts.ManageDeliveryBoyTest.verifynewDeliveryBoyDetailsUpdated()'><b>verifynewDeliveryBoyDetailsUpdated</b><br>Test class: com.obsqura.testscripts.ManageDeliveryBoyTest</td>
<td></td>
<td>5</td>
<td>com.obsqura.testscripts.ManageDeliveryBoyTest@689604d9</td></tr>
<tr>
<td title='com.obsqura.testscripts.PushNotificationsTest.verfyNotificationSentSuccessfully()'><b>verfyNotificationSentSuccessfully</b><br>Test class: com.obsqura.testscripts.PushNotificationsTest</td>
<td></td>
<td>13</td>
<td>com.obsqura.testscripts.PushNotificationsTest@351d00c0</td></tr>
<tr>
<td title='com.obsqura.testscripts.ManageUsersTest.verifySearchFunctinality()'><b>verifySearchFunctinality</b><br>Test class: com.obsqura.testscripts.ManageUsersTest</td>
<td></td>
<td>1</td>
<td>com.obsqura.testscripts.ManageUsersTest@145f66e3</td></tr>
<tr>
<td title='com.obsqura.testscripts.ManageLocationTest.verifySearchusingCountryAndState()'><b>verifySearchusingCountryAndState</b><br>Test class: com.obsqura.testscripts.ManageLocationTest</td>
<td></td>
<td>4</td>
<td>com.obsqura.testscripts.ManageLocationTest@313ac989</td></tr>
<tr>
<td title='com.obsqura.testscripts.AdminUsersTest.verifydropdownMenuWhenAddingUsersInformation()'><b>verifydropdownMenuWhenAddingUsersInformation</b><br>Test class: com.obsqura.testscripts.AdminUsersTest</td>
<td></td>
<td>2</td>
<td>com.obsqura.testscripts.AdminUsersTest@4c371370</td></tr>
<tr>
<td title='com.obsqura.testscripts.LoginPageTest.verifylogin()'><b>verifylogin</b><br>Test class: com.obsqura.testscripts.LoginPageTest<br>Parameters: admin, rev</td>
<td></td>
<td>0</td>
<td>com.obsqura.testscripts.LoginPageTest@7f3b84b8</td></tr>
<tr>
<td title='com.obsqura.testscripts.ManageUsersTest.verifythatWhenclickingPaaswordButtonPasswordIsShownInBelowRow()'><b>verifythatWhenclickingPaaswordButtonPasswordIsShownInBelowRow</b><br>Test class: com.obsqura.testscripts.ManageUsersTest</td>
<td></td>
<td>1</td>
<td>com.obsqura.testscripts.ManageUsersTest@145f66e3</td></tr>
<tr>
<td title='com.obsqura.testscripts.ExpenseCategoryTest.verifyAddingExpenseCategoryInformationswithDuplicateTitle()'><b>verifyAddingExpenseCategoryInformationswithDuplicateTitle</b><br>Test class: com.obsqura.testscripts.ExpenseCategoryTest</td>
<td></td>
<td>2</td>
<td>com.obsqura.testscripts.ExpenseCategoryTest@799f10e1</td></tr>
<tr>
<td title='com.obsqura.testscripts.LoginPageTest.verifyLoginwithValidUsernameAndPassword()'><b>verifyLoginwithValidUsernameAndPassword</b><br>Test class: com.obsqura.testscripts.LoginPageTest</td>
<td></td>
<td>0</td>
<td>com.obsqura.testscripts.LoginPageTest@7f3b84b8</td></tr>
<tr>
<td title='com.obsqura.testscripts.ManageProductTest.verifyManageProductPageIsAvailableWhenClickintoManageProductfromleftPane()'><b>verifyManageProductPageIsAvailableWhenClickintoManageProductfromleftPane</b><br>Test class: com.obsqura.testscripts.ManageProductTest</td>
<td></td>
<td>1</td>
<td>com.obsqura.testscripts.ManageProductTest@49e53c76</td></tr>
<tr>
<td title='com.obsqura.testscripts.ManagePagesTest.verifyBackgroundColorOfNewButton()'><b>verifyBackgroundColorOfNewButton</b><br>Test class: com.obsqura.testscripts.ManagePagesTest</td>
<td></td>
<td>1</td>
<td>com.obsqura.testscripts.ManagePagesTest@55b699ef</td></tr>
<tr>
<td title='com.obsqura.testscripts.ExpenseCategoryTest.verifyRowCountofExpenseCategoryTable()'><b>verifyRowCountofExpenseCategoryTable</b><br>Test class: com.obsqura.testscripts.ExpenseCategoryTest</td>
<td></td>
<td>2</td>
<td>com.obsqura.testscripts.ExpenseCategoryTest@799f10e1</td></tr>
<tr>
<td title='com.obsqura.testscripts.ManagePaymentMethodsTest.verifytableheadersofManagePaymentMethods()'><b>verifytableheadersofManagePaymentMethods</b><br>Test class: com.obsqura.testscripts.ManagePaymentMethodsTest</td>
<td></td>
<td>1</td>
<td>com.obsqura.testscripts.ManagePaymentMethodsTest@35d019a3</td></tr>
<tr>
<td title='com.obsqura.testscripts.ManagePagesTest.verifySearchfunctinality()'><b>verifySearchfunctinality</b><br>Test class: com.obsqura.testscripts.ManagePagesTest</td>
<td></td>
<td>1</td>
<td>com.obsqura.testscripts.ManagePagesTest@55b699ef</td></tr>
<tr>
<td title='com.obsqura.testscripts.ManageProductTest.verifyColorChangeofStockUnlimitedButtontoLimited()'><b>verifyColorChangeofStockUnlimitedButtontoLimited</b><br>Test class: com.obsqura.testscripts.ManageProductTest</td>
<td></td>
<td>2</td>
<td>com.obsqura.testscripts.ManageProductTest@49e53c76</td></tr>
<tr>
<td title='com.obsqura.testscripts.ManageDeliveryBoyTest.verifythatWhenaddingNewDeliveryBoyduplicateUserNameisNotAllowed()'><b>verifythatWhenaddingNewDeliveryBoyduplicateUserNameisNotAllowed</b><br>Test class: com.obsqura.testscripts.ManageDeliveryBoyTest</td>
<td></td>
<td>3</td>
<td>com.obsqura.testscripts.ManageDeliveryBoyTest@689604d9</td></tr>
<tr>
<td title='com.obsqura.testscripts.AdminUsersTest.verifyWhenClickingHomeinAdminUsersPageitgoestoDashBoardPage()'><b>verifyWhenClickingHomeinAdminUsersPageitgoestoDashBoardPage</b><br>Test class: com.obsqura.testscripts.AdminUsersTest</td>
<td></td>
<td>2</td>
<td>com.obsqura.testscripts.AdminUsersTest@4c371370</td></tr>
<tr>
<td title='com.obsqura.testscripts.ManageUsersTest.verifyBackGroundColorOfAlert()'><b>verifyBackGroundColorOfAlert</b><br>Test class: com.obsqura.testscripts.ManageUsersTest</td>
<td></td>
<td>1</td>
<td>com.obsqura.testscripts.ManageUsersTest@145f66e3</td></tr>
<tr>
<td title='com.obsqura.testscripts.ManageSliderTest.verifyeditbuttonAllignedBeforeDeleteButton()'><b>verifyeditbuttonAllignedBeforeDeleteButton</b><br>Test class: com.obsqura.testscripts.ManageSliderTest</td>
<td></td>
<td>1</td>
<td>com.obsqura.testscripts.ManageSliderTest@18078bef</td></tr>
<tr>
<td title='com.obsqura.testscripts.ManageOfferCodeTest.verifyNewFunctinalityinOfferCodesListAndOffercodeUpdatedSuccessfully()'><b>verifyNewFunctinalityinOfferCodesListAndOffercodeUpdatedSuccessfully</b><br>Test class: com.obsqura.testscripts.ManageOfferCodeTest</td>
<td></td>
<td>3</td>
<td>com.obsqura.testscripts.ManageOfferCodeTest@3023df74</td></tr>
<tr>
<td title='com.obsqura.testscripts.AdminUsersTest.verifyAddingUsersInformations()'><b>verifyAddingUsersInformations</b><br>Test class: com.obsqura.testscripts.AdminUsersTest</td>
<td></td>
<td>2</td>
<td>com.obsqura.testscripts.AdminUsersTest@4c371370</td></tr>
<tr>
<td title='com.obsqura.testscripts.LoginPageTest.verifylogin()'><b>verifylogin</b><br>Test class: com.obsqura.testscripts.LoginPageTest<br>Parameters: Anu, admin</td>
<td></td>
<td>0</td>
<td>com.obsqura.testscripts.LoginPageTest@7f3b84b8</td></tr>
<tr>
<td title='com.obsqura.testscripts.LoginPageTest.verifyAlertMessageWithInvalidUsernameAndValidPassword()'><b>verifyAlertMessageWithInvalidUsernameAndValidPassword</b><br>Test class: com.obsqura.testscripts.LoginPageTest</td>
<td></td>
<td>0</td>
<td>com.obsqura.testscripts.LoginPageTest@7f3b84b8</td></tr>
<tr>
<td title='com.obsqura.testscripts.ManagePaymentMethodsTest.verifythatEditchangesInPaylimitUpdatedInManagePaymentMethodsTable()'><b>verifythatEditchangesInPaylimitUpdatedInManagePaymentMethodsTable</b><br>Test class: com.obsqura.testscripts.ManagePaymentMethodsTest</td>
<td></td>
<td>2</td>
<td>com.obsqura.testscripts.ManagePaymentMethodsTest@35d019a3</td></tr>
<tr>
<td title='com.obsqura.testscripts.ManageSliderTest.verifyImageUploadedSuccesfully()'><b>verifyImageUploadedSuccesfully</b><br>Test class: com.obsqura.testscripts.ManageSliderTest</td>
<td></td>
<td>2</td>
<td>com.obsqura.testscripts.ManageSliderTest@18078bef</td></tr>
<tr>
<td title='com.obsqura.testscripts.ManageOfferCodeTest.verifySearchIfElementisNotPresent()'><b>verifySearchIfElementisNotPresent</b><br>Test class: com.obsqura.testscripts.ManageOfferCodeTest</td>
<td></td>
<td>2</td>
<td>com.obsqura.testscripts.ManageOfferCodeTest@3023df74</td></tr>
<tr>
<td title='com.obsqura.testscripts.ManageLocationTest.verifyAddLocationInformations()'><b>verifyAddLocationInformations</b><br>Test class: com.obsqura.testscripts.ManageLocationTest</td>
<td></td>
<td>2</td>
<td>com.obsqura.testscripts.ManageLocationTest@313ac989</td></tr>
<tr>
<td title='com.obsqura.testscripts.AdminUsersTest.verifyUnlockButtonChangesStatusofUserbyCheckingBackgroundColor()'><b>verifyUnlockButtonChangesStatusofUserbyCheckingBackgroundColor</b><br>Test class: com.obsqura.testscripts.AdminUsersTest</td>
<td></td>
<td>2</td>
<td>com.obsqura.testscripts.AdminUsersTest@4c371370</td></tr>
</table><p>
<table width='100%' border='1' class='invocation-skipped'>
<tr><td colspan='4' align='center'><b>SKIPPED TESTS</b></td></tr>
<tr><td><b>Test method</b></td>
<td width="30%"><b>Exception</b></td>
<td width="10%"><b>Time (seconds)</b></td>
<td><b>Instance</b></td>
</tr>
<tr>
<td title='com.obsqura.testscripts.ManageLocationTest.verifySearchusingCountryAndState()'><b>verifySearchusingCountryAndState</b><br>Test class: com.obsqura.testscripts.ManageLocationTest</td>
<td><div><pre>org.openqa.selenium.StaleElementReferenceException: stale element reference: element is not attached to the page document
  (Session info: chrome=112.0.5615.138)
For documentation on this error, please visit: https://selenium.dev/exceptions/#stale_element_reference
Build info: version: &apos;4.7.2&apos;, revision: &apos;4d4020c3b7&apos;
System info: os.name: &apos;Windows 10&apos;, os.arch: &apos;amd64&apos;, os.version: &apos;10.0&apos;, java.version: &apos;1.8.0_202&apos;
Driver info: org.openqa.selenium.chrome.ChromeDriver
Command: [44e49d92c2f44349030224a5a6784741, clickElement {id=5015b871-a902-4ef4-a23b-9b0b3521dafb}]
Capabilities {acceptInsecureCerts: false, browserName: chrome, browserVersion: 112.0.5615.138, chrome: {chromedriverVersion: 112.0.5615.49 (bd2a7bcb881c..., userDataDir: C:\Users\Admin\AppData\Loca...}, goog:chromeOptions: {debuggerAddress: localhost:49245}, networkConnectionEnabled: false, pageLoadStrategy: normal, platformName: WINDOWS, proxy: Proxy(), se:cdp: ws://localhost:49245/devtoo..., se:cdpVersion: 112.0.5615.138, setWindowRect: true, strictFileInteractability: false, timeouts: {implicit: 0, pageLoad: 300000, script: 30000}, unhandledPromptBehavior: dismiss and notify, webauthn:extension:credBlob: true, webauthn:extension:largeBlob: true, webauthn:extension:minPinLength: true, webauthn:extension:prf: true, webauthn:virtualAuthenticators: true}
Element: [[[[ChromeDriver: chrome on WINDOWS (44e49d92c2f44349030224a5a6784741)] -&gt; xpath: //select[@name=&apos;state_id&apos;]]] -&gt; xpath: .//option[normalize-space(.) = &quot;England&quot;]]
Session ID: 44e49d92c2f44349030224a5a6784741
	at org.openqa.selenium.remote.codec.w3c.W3CHttpResponseCodec.createException(W3CHttpResponseCodec.java:200)
	at org.openqa.selenium.remote.codec.w3c.W3CHttpResponseCodec.decode(W3CHttpResponseCodec.java:133)
	at org.openqa.selenium.remote.codec.w3c.W3CHttpResponseCodec.decode(W3CHttpResponseCodec.java:53)
	at org.openqa.selenium.remote.HttpCommandExecutor.execute(HttpCommandExecutor.java:184)
	at org.openqa.selenium.remote.service.DriverCommandExecutor.invokeExecute(DriverCommandExecutor.java:167)
	at org.openqa.selenium.remote.service.DriverCommandExecutor.execute(DriverCommandExecutor.java:142)
	at org.openqa.selenium.remote.RemoteWebDriver.execute(RemoteWebDriver.java:535)
	at org.openqa.selenium.remote.RemoteWebElement.execute(RemoteWebElement.java:257)
	at org.openqa.selenium.remote.RemoteWebElement.click(RemoteWebElement.java:78)
	at org.openqa.selenium.support.ui.Select.setSelected(Select.java:320)
	at org.openqa.selenium.support.ui.Select.selectByVisibleText(Select.java:119)
	at utilities.PageUtility.selectDropdownbyText(PageUtility.java:49)
	at com.obsqura.pages.ManageLocationPage.selectState(ManageLocationPage.java:79)
	at com.obsqura.testscripts.ManageLocationTest.verifySearchusingCountryAndState(ManageLocationTest.java:58)
	at java.util.ArrayList.forEach(ArrayList.java:1257)
... Removed 35 stack frames</pre></div><a href='#' onClick='toggleBox("stack-trace665188528", this, "Click to show all stack frames", "Click to hide stack frames")'>Click to show all stack frames</a>
<div class='stack-trace' id='stack-trace665188528'><pre>org.openqa.selenium.StaleElementReferenceException: stale element reference: element is not attached to the page document
  (Session info: chrome=112.0.5615.138)
For documentation on this error, please visit: https://selenium.dev/exceptions/#stale_element_reference
Build info: version: &apos;4.7.2&apos;, revision: &apos;4d4020c3b7&apos;
System info: os.name: &apos;Windows 10&apos;, os.arch: &apos;amd64&apos;, os.version: &apos;10.0&apos;, java.version: &apos;1.8.0_202&apos;
Driver info: org.openqa.selenium.chrome.ChromeDriver
Command: [44e49d92c2f44349030224a5a6784741, clickElement {id=5015b871-a902-4ef4-a23b-9b0b3521dafb}]
Capabilities {acceptInsecureCerts: false, browserName: chrome, browserVersion: 112.0.5615.138, chrome: {chromedriverVersion: 112.0.5615.49 (bd2a7bcb881c..., userDataDir: C:\Users\Admin\AppData\Loca...}, goog:chromeOptions: {debuggerAddress: localhost:49245}, networkConnectionEnabled: false, pageLoadStrategy: normal, platformName: WINDOWS, proxy: Proxy(), se:cdp: ws://localhost:49245/devtoo..., se:cdpVersion: 112.0.5615.138, setWindowRect: true, strictFileInteractability: false, timeouts: {implicit: 0, pageLoad: 300000, script: 30000}, unhandledPromptBehavior: dismiss and notify, webauthn:extension:credBlob: true, webauthn:extension:largeBlob: true, webauthn:extension:minPinLength: true, webauthn:extension:prf: true, webauthn:virtualAuthenticators: true}
Element: [[[[ChromeDriver: chrome on WINDOWS (44e49d92c2f44349030224a5a6784741)] -&gt; xpath: //select[@name=&apos;state_id&apos;]]] -&gt; xpath: .//option[normalize-space(.) = &quot;England&quot;]]
Session ID: 44e49d92c2f44349030224a5a6784741
	at sun.reflect.NativeConstructorAccessorImpl.newInstance0(Native Method)
	at sun.reflect.NativeConstructorAccessorImpl.newInstance(NativeConstructorAccessorImpl.java:62)
	at sun.reflect.DelegatingConstructorAccessorImpl.newInstance(DelegatingConstructorAccessorImpl.java:45)
	at java.lang.reflect.Constructor.newInstance(Constructor.java:423)
	at org.openqa.selenium.remote.codec.w3c.W3CHttpResponseCodec.createException(W3CHttpResponseCodec.java:200)
	at org.openqa.selenium.remote.codec.w3c.W3CHttpResponseCodec.decode(W3CHttpResponseCodec.java:133)
	at org.openqa.selenium.remote.codec.w3c.W3CHttpResponseCodec.decode(W3CHttpResponseCodec.java:53)
	at org.openqa.selenium.remote.HttpCommandExecutor.execute(HttpCommandExecutor.java:184)
	at org.openqa.selenium.remote.service.DriverCommandExecutor.invokeExecute(DriverCommandExecutor.java:167)
	at org.openqa.selenium.remote.service.DriverCommandExecutor.execute(DriverCommandExecutor.java:142)
	at org.openqa.selenium.remote.RemoteWebDriver.execute(RemoteWebDriver.java:535)
	at org.openqa.selenium.remote.RemoteWebElement.execute(RemoteWebElement.java:257)
	at org.openqa.selenium.remote.RemoteWebElement.click(RemoteWebElement.java:78)
	at org.openqa.selenium.support.ui.Select.setSelected(Select.java:320)
	at org.openqa.selenium.support.ui.Select.selectByVisibleText(Select.java:119)
	at utilities.PageUtility.selectDropdownbyText(PageUtility.java:49)
	at com.obsqura.pages.ManageLocationPage.selectState(ManageLocationPage.java:79)
	at com.obsqura.testscripts.ManageLocationTest.verifySearchusingCountryAndState(ManageLocationTest.java:58)
	at sun.reflect.NativeMethodAccessorImpl.invoke0(Native Method)
	at sun.reflect.NativeMethodAccessorImpl.invoke(NativeMethodAccessorImpl.java:62)
	at sun.reflect.DelegatingMethodAccessorImpl.invoke(DelegatingMethodAccessorImpl.java:43)
	at java.lang.reflect.Method.invoke(Method.java:498)
	at org.testng.internal.MethodInvocationHelper.invokeMethod(MethodInvocationHelper.java:133)
	at org.testng.internal.TestInvoker.invokeMethod(TestInvoker.java:598)
	at org.testng.internal.TestInvoker.retryFailed(TestInvoker.java:213)
	at org.testng.internal.MethodRunner.runInSequence(MethodRunner.java:58)
	at org.testng.internal.TestInvoker$MethodInvocationAgent.invoke(TestInvoker.java:824)
	at org.testng.internal.TestInvoker.invokeTestMethods(TestInvoker.java:146)
	at org.testng.internal.TestMethodWorker.invokeTestMethods(TestMethodWorker.java:146)
	at org.testng.internal.TestMethodWorker.run(TestMethodWorker.java:128)
	at java.util.ArrayList.forEach(ArrayList.java:1257)
	at org.testng.TestRunner.privateRun(TestRunner.java:794)
	at org.testng.TestRunner.run(TestRunner.java:596)
	at org.testng.SuiteRunner.runTest(SuiteRunner.java:377)
	at org.testng.SuiteRunner.runSequentially(SuiteRunner.java:371)
	at org.testng.SuiteRunner.privateRun(SuiteRunner.java:332)
	at org.testng.SuiteRunner.run(SuiteRunner.java:276)
	at org.testng.SuiteRunnerWorker.runSuite(SuiteRunnerWorker.java:53)
	at org.testng.SuiteRunnerWorker.run(SuiteRunnerWorker.java:96)
	at org.testng.TestNG.runSuitesSequentially(TestNG.java:1212)
	at org.testng.TestNG.runSuitesLocally(TestNG.java:1134)
	at org.testng.TestNG.runSuites(TestNG.java:1063)
	at org.testng.TestNG.run(TestNG.java:1031)
	at org.apache.maven.surefire.testng.TestNGExecutor.run(TestNGExecutor.java:284)
	at org.apache.maven.surefire.testng.TestNGXmlTestSuite.execute(TestNGXmlTestSuite.java:75)
	at org.apache.maven.surefire.testng.TestNGProvider.invoke(TestNGProvider.java:119)
	at org.apache.maven.surefire.booter.ForkedBooter.runSuitesInProcess(ForkedBooter.java:428)
	at org.apache.maven.surefire.booter.ForkedBooter.execute(ForkedBooter.java:162)
	at org.apache.maven.surefire.booter.ForkedBooter.run(ForkedBooter.java:562)
	at org.apache.maven.surefire.booter.ForkedBooter.main(ForkedBooter.java:548)
</pre></div></td>
<td>1</td>
<td>com.obsqura.testscripts.ManageLocationTest@313ac989</td></tr>
<tr>
<td title='com.obsqura.testscripts.ManageLocationTest.verifySearchusingCountryAndState()'><b>verifySearchusingCountryAndState</b><br>Test class: com.obsqura.testscripts.ManageLocationTest</td>
<td><div><pre>org.openqa.selenium.StaleElementReferenceException: stale element reference: element is not attached to the page document
  (Session info: chrome=112.0.5615.138)
For documentation on this error, please visit: https://selenium.dev/exceptions/#stale_element_reference
Build info: version: &apos;4.7.2&apos;, revision: &apos;4d4020c3b7&apos;
System info: os.name: &apos;Windows 10&apos;, os.arch: &apos;amd64&apos;, os.version: &apos;10.0&apos;, java.version: &apos;1.8.0_202&apos;
Driver info: org.openqa.selenium.chrome.ChromeDriver
Command: [0f929d0031c40f2e63c20eaef06635df, clickElement {id=cac70625-959f-4550-9aed-4040c6a8dbcc}]
Capabilities {acceptInsecureCerts: false, browserName: chrome, browserVersion: 112.0.5615.138, chrome: {chromedriverVersion: 112.0.5615.49 (bd2a7bcb881c..., userDataDir: C:\Users\Admin\AppData\Loca...}, goog:chromeOptions: {debuggerAddress: localhost:49193}, networkConnectionEnabled: false, pageLoadStrategy: normal, platformName: WINDOWS, proxy: Proxy(), se:cdp: ws://localhost:49193/devtoo..., se:cdpVersion: 112.0.5615.138, setWindowRect: true, strictFileInteractability: false, timeouts: {implicit: 0, pageLoad: 300000, script: 30000}, unhandledPromptBehavior: dismiss and notify, webauthn:extension:credBlob: true, webauthn:extension:largeBlob: true, webauthn:extension:minPinLength: true, webauthn:extension:prf: true, webauthn:virtualAuthenticators: true}
Element: [[[[ChromeDriver: chrome on WINDOWS (0f929d0031c40f2e63c20eaef06635df)] -&gt; xpath: //select[@name=&apos;state_id&apos;]]] -&gt; xpath: .//option[normalize-space(.) = &quot;England&quot;]]
Session ID: 0f929d0031c40f2e63c20eaef06635df
	at org.openqa.selenium.remote.codec.w3c.W3CHttpResponseCodec.createException(W3CHttpResponseCodec.java:200)
	at org.openqa.selenium.remote.codec.w3c.W3CHttpResponseCodec.decode(W3CHttpResponseCodec.java:133)
	at org.openqa.selenium.remote.codec.w3c.W3CHttpResponseCodec.decode(W3CHttpResponseCodec.java:53)
	at org.openqa.selenium.remote.HttpCommandExecutor.execute(HttpCommandExecutor.java:184)
	at org.openqa.selenium.remote.service.DriverCommandExecutor.invokeExecute(DriverCommandExecutor.java:167)
	at org.openqa.selenium.remote.service.DriverCommandExecutor.execute(DriverCommandExecutor.java:142)
	at org.openqa.selenium.remote.RemoteWebDriver.execute(RemoteWebDriver.java:535)
	at org.openqa.selenium.remote.RemoteWebElement.execute(RemoteWebElement.java:257)
	at org.openqa.selenium.remote.RemoteWebElement.click(RemoteWebElement.java:78)
	at org.openqa.selenium.support.ui.Select.setSelected(Select.java:320)
	at org.openqa.selenium.support.ui.Select.selectByVisibleText(Select.java:119)
	at utilities.PageUtility.selectDropdownbyText(PageUtility.java:49)
	at com.obsqura.pages.ManageLocationPage.selectState(ManageLocationPage.java:79)
	at com.obsqura.testscripts.ManageLocationTest.verifySearchusingCountryAndState(ManageLocationTest.java:58)
	at java.util.ArrayList.forEach(ArrayList.java:1257)
... Removed 35 stack frames</pre></div><a href='#' onClick='toggleBox("stack-trace1824632495", this, "Click to show all stack frames", "Click to hide stack frames")'>Click to show all stack frames</a>
<div class='stack-trace' id='stack-trace1824632495'><pre>org.openqa.selenium.StaleElementReferenceException: stale element reference: element is not attached to the page document
  (Session info: chrome=112.0.5615.138)
For documentation on this error, please visit: https://selenium.dev/exceptions/#stale_element_reference
Build info: version: &apos;4.7.2&apos;, revision: &apos;4d4020c3b7&apos;
System info: os.name: &apos;Windows 10&apos;, os.arch: &apos;amd64&apos;, os.version: &apos;10.0&apos;, java.version: &apos;1.8.0_202&apos;
Driver info: org.openqa.selenium.chrome.ChromeDriver
Command: [0f929d0031c40f2e63c20eaef06635df, clickElement {id=cac70625-959f-4550-9aed-4040c6a8dbcc}]
Capabilities {acceptInsecureCerts: false, browserName: chrome, browserVersion: 112.0.5615.138, chrome: {chromedriverVersion: 112.0.5615.49 (bd2a7bcb881c..., userDataDir: C:\Users\Admin\AppData\Loca...}, goog:chromeOptions: {debuggerAddress: localhost:49193}, networkConnectionEnabled: false, pageLoadStrategy: normal, platformName: WINDOWS, proxy: Proxy(), se:cdp: ws://localhost:49193/devtoo..., se:cdpVersion: 112.0.5615.138, setWindowRect: true, strictFileInteractability: false, timeouts: {implicit: 0, pageLoad: 300000, script: 30000}, unhandledPromptBehavior: dismiss and notify, webauthn:extension:credBlob: true, webauthn:extension:largeBlob: true, webauthn:extension:minPinLength: true, webauthn:extension:prf: true, webauthn:virtualAuthenticators: true}
Element: [[[[ChromeDriver: chrome on WINDOWS (0f929d0031c40f2e63c20eaef06635df)] -&gt; xpath: //select[@name=&apos;state_id&apos;]]] -&gt; xpath: .//option[normalize-space(.) = &quot;England&quot;]]
Session ID: 0f929d0031c40f2e63c20eaef06635df
	at sun.reflect.NativeConstructorAccessorImpl.newInstance0(Native Method)
	at sun.reflect.NativeConstructorAccessorImpl.newInstance(NativeConstructorAccessorImpl.java:62)
	at sun.reflect.DelegatingConstructorAccessorImpl.newInstance(DelegatingConstructorAccessorImpl.java:45)
	at java.lang.reflect.Constructor.newInstance(Constructor.java:423)
	at org.openqa.selenium.remote.codec.w3c.W3CHttpResponseCodec.createException(W3CHttpResponseCodec.java:200)
	at org.openqa.selenium.remote.codec.w3c.W3CHttpResponseCodec.decode(W3CHttpResponseCodec.java:133)
	at org.openqa.selenium.remote.codec.w3c.W3CHttpResponseCodec.decode(W3CHttpResponseCodec.java:53)
	at org.openqa.selenium.remote.HttpCommandExecutor.execute(HttpCommandExecutor.java:184)
	at org.openqa.selenium.remote.service.DriverCommandExecutor.invokeExecute(DriverCommandExecutor.java:167)
	at org.openqa.selenium.remote.service.DriverCommandExecutor.execute(DriverCommandExecutor.java:142)
	at org.openqa.selenium.remote.RemoteWebDriver.execute(RemoteWebDriver.java:535)
	at org.openqa.selenium.remote.RemoteWebElement.execute(RemoteWebElement.java:257)
	at org.openqa.selenium.remote.RemoteWebElement.click(RemoteWebElement.java:78)
	at org.openqa.selenium.support.ui.Select.setSelected(Select.java:320)
	at org.openqa.selenium.support.ui.Select.selectByVisibleText(Select.java:119)
	at utilities.PageUtility.selectDropdownbyText(PageUtility.java:49)
	at com.obsqura.pages.ManageLocationPage.selectState(ManageLocationPage.java:79)
	at com.obsqura.testscripts.ManageLocationTest.verifySearchusingCountryAndState(ManageLocationTest.java:58)
	at sun.reflect.NativeMethodAccessorImpl.invoke0(Native Method)
	at sun.reflect.NativeMethodAccessorImpl.invoke(NativeMethodAccessorImpl.java:62)
	at sun.reflect.DelegatingMethodAccessorImpl.invoke(DelegatingMethodAccessorImpl.java:43)
	at java.lang.reflect.Method.invoke(Method.java:498)
	at org.testng.internal.MethodInvocationHelper.invokeMethod(MethodInvocationHelper.java:133)
	at org.testng.internal.TestInvoker.invokeMethod(TestInvoker.java:598)
	at org.testng.internal.TestInvoker.invokeTestMethod(TestInvoker.java:173)
	at org.testng.internal.MethodRunner.runInSequence(MethodRunner.java:46)
	at org.testng.internal.TestInvoker$MethodInvocationAgent.invoke(TestInvoker.java:824)
	at org.testng.internal.TestInvoker.invokeTestMethods(TestInvoker.java:146)
	at org.testng.internal.TestMethodWorker.invokeTestMethods(TestMethodWorker.java:146)
	at org.testng.internal.TestMethodWorker.run(TestMethodWorker.java:128)
	at java.util.ArrayList.forEach(ArrayList.java:1257)
	at org.testng.TestRunner.privateRun(TestRunner.java:794)
	at org.testng.TestRunner.run(TestRunner.java:596)
	at org.testng.SuiteRunner.runTest(SuiteRunner.java:377)
	at org.testng.SuiteRunner.runSequentially(SuiteRunner.java:371)
	at org.testng.SuiteRunner.privateRun(SuiteRunner.java:332)
	at org.testng.SuiteRunner.run(SuiteRunner.java:276)
	at org.testng.SuiteRunnerWorker.runSuite(SuiteRunnerWorker.java:53)
	at org.testng.SuiteRunnerWorker.run(SuiteRunnerWorker.java:96)
	at org.testng.TestNG.runSuitesSequentially(TestNG.java:1212)
	at org.testng.TestNG.runSuitesLocally(TestNG.java:1134)
	at org.testng.TestNG.runSuites(TestNG.java:1063)
	at org.testng.TestNG.run(TestNG.java:1031)
	at org.apache.maven.surefire.testng.TestNGExecutor.run(TestNGExecutor.java:284)
	at org.apache.maven.surefire.testng.TestNGXmlTestSuite.execute(TestNGXmlTestSuite.java:75)
	at org.apache.maven.surefire.testng.TestNGProvider.invoke(TestNGProvider.java:119)
	at org.apache.maven.surefire.booter.ForkedBooter.runSuitesInProcess(ForkedBooter.java:428)
	at org.apache.maven.surefire.booter.ForkedBooter.execute(ForkedBooter.java:162)
	at org.apache.maven.surefire.booter.ForkedBooter.run(ForkedBooter.java:562)
	at org.apache.maven.surefire.booter.ForkedBooter.main(ForkedBooter.java:548)
</pre></div></td>
<td>1</td>
<td>com.obsqura.testscripts.ManageLocationTest@313ac989</td></tr>
</table><p>
</body>
</html>