<?xml version="1.0" encoding="UTF-8"?>
<testng-results skipped="0" failed="0" ignored="0" retried="2" total="35" passed="33">
  <reporter-output>
  </reporter-output>
  <suite name="Suite" duration-ms="228847" started-at="2023-05-01T21:50:41 IST" finished-at="2023-05-01T21:54:30 IST">
    <groups>
      <group name="regression">
        <method signature="ManagePagesTest.verifyBackgroundColorOfNewButton()[pri:0, instance:com.obsqura.testscripts.ManagePagesTest@55b699ef]" name="verifyBackgroundColorOfNewButton" class="com.obsqura.testscripts.ManagePagesTest"/>
      </group> <!-- regression -->
      <group name="smoke">
        <method signature="ManagePagesTest.verifyBackgroundColorOfNewButton()[pri:0, instance:com.obsqura.testscripts.ManagePagesTest@55b699ef]" name="verifyBackgroundColorOfNewButton" class="com.obsqura.testscripts.ManagePagesTest"/>
        <method signature="ManagePagesTest.verifySearchfunctinality()[pri:0, instance:com.obsqura.testscripts.ManagePagesTest@55b699ef]" name="verifySearchfunctinality" class="com.obsqura.testscripts.ManagePagesTest"/>
      </group> <!-- smoke -->
    </groups>
    <test name="Test" duration-ms="228847" started-at="2023-05-01T21:50:41 IST" finished-at="2023-05-01T21:54:30 IST">
      <class name="com.obsqura.testscripts.LoginPageTest">
        <test-method status="PASS" signature="initializeBrowser(java.lang.String)[pri:0, instance:com.obsqura.testscripts.LoginPageTest@7f3b84b8]" name="initializeBrowser" is-config="true" duration-ms="4793" started-at="2023-05-01T21:50:41 IST" finished-at="2023-05-01T21:50:46 IST">
          <params>
            <param index="0">
              <value>
                <![CDATA[Chrome]]>
              </value>
            </param>
          </params>
          <reporter-output>
          </reporter-output>
        </test-method> <!-- initializeBrowser -->
        <test-method status="PASS" signature="verifylogin(java.lang.String,java.lang.String)[pri:0, instance:com.obsqura.testscripts.LoginPageTest@7f3b84b8]" name="verifylogin" duration-ms="1358" started-at="2023-05-01T21:50:46 IST" data-provider="loginProvider" finished-at="2023-05-01T21:50:47 IST">
          <params>
            <param index="0">
              <value>
                <![CDATA[user]]>
              </value>
            </param>
            <param index="1">
              <value>
                <![CDATA[ad43]]>
              </value>
            </param>
          </params>
          <reporter-output>
          </reporter-output>
        </test-method> <!-- verifylogin -->
        <test-method status="PASS" signature="browserQuit(org.testng.ITestResult)[pri:0, instance:com.obsqura.testscripts.LoginPageTest@7f3b84b8]" name="browserQuit" is-config="true" duration-ms="685" started-at="2023-05-01T21:50:47 IST" finished-at="2023-05-01T21:50:48 IST">
          <params>
            <param index="0">
              <value>
                <![CDATA[[TestResult name=verifylogin status=SUCCESS method=LoginPageTest.verifylogin(java.lang.String,java.lang.String)[pri:0, instance:com.obsqura.testscripts.LoginPageTest@7f3b84b8] output={null}]]]>
              </value>
            </param>
          </params>
          <reporter-output>
          </reporter-output>
        </test-method> <!-- browserQuit -->
        <test-method status="PASS" signature="initializeBrowser(java.lang.String)[pri:0, instance:com.obsqura.testscripts.LoginPageTest@7f3b84b8]" name="initializeBrowser" is-config="true" duration-ms="3359" started-at="2023-05-01T21:50:48 IST" finished-at="2023-05-01T21:50:51 IST">
          <params>
            <param index="0">
              <value>
                <![CDATA[Chrome]]>
              </value>
            </param>
          </params>
          <reporter-output>
          </reporter-output>
        </test-method> <!-- initializeBrowser -->
        <test-method status="PASS" signature="verifylogin(java.lang.String,java.lang.String)[pri:0, instance:com.obsqura.testscripts.LoginPageTest@7f3b84b8]" name="verifylogin" duration-ms="898" started-at="2023-05-01T21:50:51 IST" data-provider="loginProvider" finished-at="2023-05-01T21:50:52 IST">
          <params>
            <param index="0">
              <value>
                <![CDATA[Anu]]>
              </value>
            </param>
            <param index="1">
              <value>
                <![CDATA[admin]]>
              </value>
            </param>
          </params>
          <reporter-output>
          </reporter-output>
        </test-method> <!-- verifylogin -->
        <test-method status="PASS" signature="browserQuit(org.testng.ITestResult)[pri:0, instance:com.obsqura.testscripts.LoginPageTest@7f3b84b8]" name="browserQuit" is-config="true" duration-ms="688" started-at="2023-05-01T21:50:52 IST" finished-at="2023-05-01T21:50:53 IST">
          <params>
            <param index="0">
              <value>
                <![CDATA[[TestResult name=verifylogin status=SUCCESS method=LoginPageTest.verifylogin(java.lang.String,java.lang.String)[pri:0, instance:com.obsqura.testscripts.LoginPageTest@7f3b84b8] output={null}]]]>
              </value>
            </param>
          </params>
          <reporter-output>
          </reporter-output>
        </test-method> <!-- browserQuit -->
        <test-method status="PASS" signature="initializeBrowser(java.lang.String)[pri:0, instance:com.obsqura.testscripts.LoginPageTest@7f3b84b8]" name="initializeBrowser" is-config="true" duration-ms="2677" started-at="2023-05-01T21:50:53 IST" finished-at="2023-05-01T21:50:55 IST">
          <params>
            <param index="0">
              <value>
                <![CDATA[Chrome]]>
              </value>
            </param>
          </params>
          <reporter-output>
          </reporter-output>
        </test-method> <!-- initializeBrowser -->
        <test-method status="PASS" signature="verifylogin(java.lang.String,java.lang.String)[pri:0, instance:com.obsqura.testscripts.LoginPageTest@7f3b84b8]" name="verifylogin" duration-ms="561" started-at="2023-05-01T21:50:55 IST" data-provider="loginProvider" finished-at="2023-05-01T21:50:56 IST">
          <params>
            <param index="0">
              <value>
                <![CDATA[admin]]>
              </value>
            </param>
            <param index="1">
              <value>
                <![CDATA[rev]]>
              </value>
            </param>
          </params>
          <reporter-output>
          </reporter-output>
        </test-method> <!-- verifylogin -->
        <test-method status="PASS" signature="browserQuit(org.testng.ITestResult)[pri:0, instance:com.obsqura.testscripts.LoginPageTest@7f3b84b8]" name="browserQuit" is-config="true" duration-ms="693" started-at="2023-05-01T21:50:56 IST" finished-at="2023-05-01T21:50:57 IST">
          <params>
            <param index="0">
              <value>
                <![CDATA[[TestResult name=verifylogin status=SUCCESS method=LoginPageTest.verifylogin(java.lang.String,java.lang.String)[pri:0, instance:com.obsqura.testscripts.LoginPageTest@7f3b84b8] output={null}]]]>
              </value>
            </param>
          </params>
          <reporter-output>
          </reporter-output>
        </test-method> <!-- browserQuit -->
        <test-method status="PASS" signature="initializeBrowser(java.lang.String)[pri:0, instance:com.obsqura.testscripts.LoginPageTest@7f3b84b8]" name="initializeBrowser" is-config="true" duration-ms="2743" started-at="2023-05-01T21:50:57 IST" finished-at="2023-05-01T21:50:59 IST">
          <params>
            <param index="0">
              <value>
                <![CDATA[Chrome]]>
              </value>
            </param>
          </params>
          <reporter-output>
          </reporter-output>
        </test-method> <!-- initializeBrowser -->
        <test-method status="PASS" signature="verifyAlertMessageWithInvalidUsernameAndValidPassword()[pri:0, instance:com.obsqura.testscripts.LoginPageTest@7f3b84b8]" name="verifyAlertMessageWithInvalidUsernameAndValidPassword" duration-ms="905" started-at="2023-05-01T21:50:59 IST" finished-at="2023-05-01T21:51:00 IST">
          <reporter-output>
          </reporter-output>
        </test-method> <!-- verifyAlertMessageWithInvalidUsernameAndValidPassword -->
        <test-method status="PASS" signature="browserQuit(org.testng.ITestResult)[pri:0, instance:com.obsqura.testscripts.LoginPageTest@7f3b84b8]" name="browserQuit" is-config="true" duration-ms="685" started-at="2023-05-01T21:51:00 IST" finished-at="2023-05-01T21:51:01 IST">
          <params>
            <param index="0">
              <value>
                <![CDATA[[TestResult name=verifyAlertMessageWithInvalidUsernameAndValidPassword status=SUCCESS method=LoginPageTest.verifyAlertMessageWithInvalidUsernameAndValidPassword()[pri:0, instance:com.obsqura.testscripts.LoginPageTest@7f3b84b8] output={null}]]]>
              </value>
            </param>
          </params>
          <reporter-output>
          </reporter-output>
        </test-method> <!-- browserQuit -->
        <test-method status="PASS" signature="initializeBrowser(java.lang.String)[pri:0, instance:com.obsqura.testscripts.LoginPageTest@7f3b84b8]" name="initializeBrowser" is-config="true" duration-ms="2968" started-at="2023-05-01T21:51:01 IST" finished-at="2023-05-01T21:51:04 IST">
          <params>
            <param index="0">
              <value>
                <![CDATA[Chrome]]>
              </value>
            </param>
          </params>
          <reporter-output>
          </reporter-output>
        </test-method> <!-- initializeBrowser -->
        <test-method status="PASS" signature="verifyLoginwithValidUsernameAndPassword()[pri:0, instance:com.obsqura.testscripts.LoginPageTest@7f3b84b8]" name="verifyLoginwithValidUsernameAndPassword" duration-ms="990" started-at="2023-05-01T21:51:04 IST" finished-at="2023-05-01T21:51:05 IST">
          <reporter-output>
          </reporter-output>
        </test-method> <!-- verifyLoginwithValidUsernameAndPassword -->
        <test-method status="PASS" signature="browserQuit(org.testng.ITestResult)[pri:0, instance:com.obsqura.testscripts.LoginPageTest@7f3b84b8]" name="browserQuit" is-config="true" duration-ms="684" started-at="2023-05-01T21:51:05 IST" finished-at="2023-05-01T21:51:06 IST">
          <params>
            <param index="0">
              <value>
                <![CDATA[[TestResult name=verifyLoginwithValidUsernameAndPassword status=SUCCESS method=LoginPageTest.verifyLoginwithValidUsernameAndPassword()[pri:0, instance:com.obsqura.testscripts.LoginPageTest@7f3b84b8] output={null}]]]>
              </value>
            </param>
          </params>
          <reporter-output>
          </reporter-output>
        </test-method> <!-- browserQuit -->
      </class> <!-- com.obsqura.testscripts.LoginPageTest -->
      <class name="com.obsqura.testscripts.AdminUsersTest">
        <test-method status="PASS" signature="initializeBrowser(java.lang.String)[pri:0, instance:com.obsqura.testscripts.AdminUsersTest@4c371370]" name="initializeBrowser" is-config="true" duration-ms="2753" started-at="2023-05-01T21:53:01 IST" finished-at="2023-05-01T21:53:04 IST">
          <params>
            <param index="0">
              <value>
                <![CDATA[Chrome]]>
              </value>
            </param>
          </params>
          <reporter-output>
          </reporter-output>
        </test-method> <!-- initializeBrowser -->
        <test-method status="PASS" signature="verifyAddingUsersInformations()[pri:0, instance:com.obsqura.testscripts.AdminUsersTest@4c371370]" name="verifyAddingUsersInformations" duration-ms="2698" started-at="2023-05-01T21:53:04 IST" finished-at="2023-05-01T21:53:06 IST">
          <reporter-output>
          </reporter-output>
        </test-method> <!-- verifyAddingUsersInformations -->
        <test-method status="PASS" signature="browserQuit(org.testng.ITestResult)[pri:0, instance:com.obsqura.testscripts.AdminUsersTest@4c371370]" name="browserQuit" is-config="true" duration-ms="719" started-at="2023-05-01T21:53:06 IST" finished-at="2023-05-01T21:53:07 IST">
          <params>
            <param index="0">
              <value>
                <![CDATA[[TestResult name=verifyAddingUsersInformations status=SUCCESS method=AdminUsersTest.verifyAddingUsersInformations()[pri:0, instance:com.obsqura.testscripts.AdminUsersTest@4c371370] output={null}]]]>
              </value>
            </param>
          </params>
          <reporter-output>
          </reporter-output>
        </test-method> <!-- browserQuit -->
        <test-method status="PASS" signature="initializeBrowser(java.lang.String)[pri:0, instance:com.obsqura.testscripts.AdminUsersTest@4c371370]" name="initializeBrowser" is-config="true" duration-ms="2623" started-at="2023-05-01T21:53:07 IST" finished-at="2023-05-01T21:53:10 IST">
          <params>
            <param index="0">
              <value>
                <![CDATA[Chrome]]>
              </value>
            </param>
          </params>
          <reporter-output>
          </reporter-output>
        </test-method> <!-- initializeBrowser -->
        <test-method status="PASS" signature="verifyDeleteFunctionalityAndCheckAlert()[pri:0, instance:com.obsqura.testscripts.AdminUsersTest@4c371370]" name="verifyDeleteFunctionalityAndCheckAlert" duration-ms="2195" started-at="2023-05-01T21:53:10 IST" finished-at="2023-05-01T21:53:12 IST">
          <reporter-output>
          </reporter-output>
        </test-method> <!-- verifyDeleteFunctionalityAndCheckAlert -->
        <test-method status="PASS" signature="browserQuit(org.testng.ITestResult)[pri:0, instance:com.obsqura.testscripts.AdminUsersTest@4c371370]" name="browserQuit" is-config="true" duration-ms="716" started-at="2023-05-01T21:53:12 IST" finished-at="2023-05-01T21:53:13 IST">
          <params>
            <param index="0">
              <value>
                <![CDATA[[TestResult name=verifyDeleteFunctionalityAndCheckAlert status=SUCCESS method=AdminUsersTest.verifyDeleteFunctionalityAndCheckAlert()[pri:0, instance:com.obsqura.testscripts.AdminUsersTest@4c371370] output={null}]]]>
              </value>
            </param>
          </params>
          <reporter-output>
          </reporter-output>
        </test-method> <!-- browserQuit -->
        <test-method status="PASS" signature="initializeBrowser(java.lang.String)[pri:0, instance:com.obsqura.testscripts.AdminUsersTest@4c371370]" name="initializeBrowser" is-config="true" duration-ms="2899" started-at="2023-05-01T21:53:13 IST" finished-at="2023-05-01T21:53:15 IST">
          <params>
            <param index="0">
              <value>
                <![CDATA[Chrome]]>
              </value>
            </param>
          </params>
          <reporter-output>
          </reporter-output>
        </test-method> <!-- initializeBrowser -->
        <test-method status="PASS" signature="verifyUnlockButtonChangesStatusofUserbyCheckingBackgroundColor()[pri:0, instance:com.obsqura.testscripts.AdminUsersTest@4c371370]" name="verifyUnlockButtonChangesStatusofUserbyCheckingBackgroundColor" duration-ms="2118" started-at="2023-05-01T21:53:15 IST" finished-at="2023-05-01T21:53:18 IST">
          <reporter-output>
          </reporter-output>
        </test-method> <!-- verifyUnlockButtonChangesStatusofUserbyCheckingBackgroundColor -->
        <test-method status="PASS" signature="browserQuit(org.testng.ITestResult)[pri:0, instance:com.obsqura.testscripts.AdminUsersTest@4c371370]" name="browserQuit" is-config="true" duration-ms="732" started-at="2023-05-01T21:53:18 IST" finished-at="2023-05-01T21:53:18 IST">
          <params>
            <param index="0">
              <value>
                <![CDATA[[TestResult name=verifyUnlockButtonChangesStatusofUserbyCheckingBackgroundColor status=SUCCESS method=AdminUsersTest.verifyUnlockButtonChangesStatusofUserbyCheckingBackgroundColor()[pri:0, instance:com.obsqura.testscripts.AdminUsersTest@4c371370] output={null}]]]>
              </value>
            </param>
          </params>
          <reporter-output>
          </reporter-output>
        </test-method> <!-- browserQuit -->
        <test-method status="PASS" signature="initializeBrowser(java.lang.String)[pri:0, instance:com.obsqura.testscripts.AdminUsersTest@4c371370]" name="initializeBrowser" is-config="true" duration-ms="2550" started-at="2023-05-01T21:53:18 IST" finished-at="2023-05-01T21:53:21 IST">
          <params>
            <param index="0">
              <value>
                <![CDATA[Chrome]]>
              </value>
            </param>
          </params>
          <reporter-output>
          </reporter-output>
        </test-method> <!-- initializeBrowser -->
        <test-method status="PASS" signature="verifyWhenClickingHomeinAdminUsersPageitgoestoDashBoardPage()[pri:0, instance:com.obsqura.testscripts.AdminUsersTest@4c371370]" name="verifyWhenClickingHomeinAdminUsersPageitgoestoDashBoardPage" duration-ms="2231" started-at="2023-05-01T21:53:21 IST" finished-at="2023-05-01T21:53:23 IST">
          <reporter-output>
          </reporter-output>
        </test-method> <!-- verifyWhenClickingHomeinAdminUsersPageitgoestoDashBoardPage -->
        <test-method status="PASS" signature="browserQuit(org.testng.ITestResult)[pri:0, instance:com.obsqura.testscripts.AdminUsersTest@4c371370]" name="browserQuit" is-config="true" duration-ms="702" started-at="2023-05-01T21:53:23 IST" finished-at="2023-05-01T21:53:24 IST">
          <params>
            <param index="0">
              <value>
                <![CDATA[[TestResult name=verifyWhenClickingHomeinAdminUsersPageitgoestoDashBoardPage status=SUCCESS method=AdminUsersTest.verifyWhenClickingHomeinAdminUsersPageitgoestoDashBoardPage()[pri:0, instance:com.obsqura.testscripts.AdminUsersTest@4c371370] output={null}]]]>
              </value>
            </param>
          </params>
          <reporter-output>
          </reporter-output>
        </test-method> <!-- browserQuit -->
        <test-method status="PASS" signature="initializeBrowser(java.lang.String)[pri:0, instance:com.obsqura.testscripts.AdminUsersTest@4c371370]" name="initializeBrowser" is-config="true" duration-ms="4256" started-at="2023-05-01T21:53:24 IST" finished-at="2023-05-01T21:53:28 IST">
          <params>
            <param index="0">
              <value>
                <![CDATA[Chrome]]>
              </value>
            </param>
          </params>
          <reporter-output>
          </reporter-output>
        </test-method> <!-- initializeBrowser -->
        <test-method status="PASS" signature="verifydropdownMenuWhenAddingUsersInformation()[pri:0, instance:com.obsqura.testscripts.AdminUsersTest@4c371370]" name="verifydropdownMenuWhenAddingUsersInformation" duration-ms="2332" started-at="2023-05-01T21:53:28 IST" finished-at="2023-05-01T21:53:30 IST">
          <reporter-output>
          </reporter-output>
        </test-method> <!-- verifydropdownMenuWhenAddingUsersInformation -->
        <test-method status="PASS" signature="browserQuit(org.testng.ITestResult)[pri:0, instance:com.obsqura.testscripts.AdminUsersTest@4c371370]" name="browserQuit" is-config="true" duration-ms="705" started-at="2023-05-01T21:53:30 IST" finished-at="2023-05-01T21:53:31 IST">
          <params>
            <param index="0">
              <value>
                <![CDATA[[TestResult name=verifydropdownMenuWhenAddingUsersInformation status=SUCCESS method=AdminUsersTest.verifydropdownMenuWhenAddingUsersInformation()[pri:0, instance:com.obsqura.testscripts.AdminUsersTest@4c371370] output={null}]]]>
              </value>
            </param>
          </params>
          <reporter-output>
          </reporter-output>
        </test-method> <!-- browserQuit -->
      </class> <!-- com.obsqura.testscripts.AdminUsersTest -->
      <class name="com.obsqura.testscripts.ExpenseCategoryTest">
        <test-method status="PASS" signature="initializeBrowser(java.lang.String)[pri:0, instance:com.obsqura.testscripts.ExpenseCategoryTest@799f10e1]" name="initializeBrowser" is-config="true" duration-ms="2705" started-at="2023-05-01T21:52:45 IST" finished-at="2023-05-01T21:52:47 IST">
          <params>
            <param index="0">
              <value>
                <![CDATA[Chrome]]>
              </value>
            </param>
          </params>
          <reporter-output>
          </reporter-output>
        </test-method> <!-- initializeBrowser -->
        <test-method status="PASS" signature="verifyAddingExpenseCategoryInformationswithDuplicateTitle()[pri:0, instance:com.obsqura.testscripts.ExpenseCategoryTest@799f10e1]" name="verifyAddingExpenseCategoryInformationswithDuplicateTitle" duration-ms="2224" started-at="2023-05-01T21:52:47 IST" finished-at="2023-05-01T21:52:50 IST">
          <reporter-output>
          </reporter-output>
        </test-method> <!-- verifyAddingExpenseCategoryInformationswithDuplicateTitle -->
        <test-method status="PASS" signature="browserQuit(org.testng.ITestResult)[pri:0, instance:com.obsqura.testscripts.ExpenseCategoryTest@799f10e1]" name="browserQuit" is-config="true" duration-ms="716" started-at="2023-05-01T21:52:50 IST" finished-at="2023-05-01T21:52:50 IST">
          <params>
            <param index="0">
              <value>
                <![CDATA[[TestResult name=verifyAddingExpenseCategoryInformationswithDuplicateTitle status=SUCCESS method=ExpenseCategoryTest.verifyAddingExpenseCategoryInformationswithDuplicateTitle()[pri:0, instance:com.obsqura.testscripts.ExpenseCategoryTest@799f10e1] output={null}]]]>
              </value>
            </param>
          </params>
          <reporter-output>
          </reporter-output>
        </test-method> <!-- browserQuit -->
        <test-method status="PASS" signature="initializeBrowser(java.lang.String)[pri:0, instance:com.obsqura.testscripts.ExpenseCategoryTest@799f10e1]" name="initializeBrowser" is-config="true" duration-ms="2572" started-at="2023-05-01T21:52:50 IST" finished-at="2023-05-01T21:52:53 IST">
          <params>
            <param index="0">
              <value>
                <![CDATA[Chrome]]>
              </value>
            </param>
          </params>
          <reporter-output>
          </reporter-output>
        </test-method> <!-- initializeBrowser -->
        <test-method status="PASS" signature="verifyRowCountofExpenseCategoryTable()[pri:0, instance:com.obsqura.testscripts.ExpenseCategoryTest@799f10e1]" name="verifyRowCountofExpenseCategoryTable" duration-ms="2168" started-at="2023-05-01T21:52:53 IST" finished-at="2023-05-01T21:52:55 IST">
          <reporter-output>
          </reporter-output>
        </test-method> <!-- verifyRowCountofExpenseCategoryTable -->
        <test-method status="PASS" signature="browserQuit(org.testng.ITestResult)[pri:0, instance:com.obsqura.testscripts.ExpenseCategoryTest@799f10e1]" name="browserQuit" is-config="true" duration-ms="702" started-at="2023-05-01T21:52:55 IST" finished-at="2023-05-01T21:52:56 IST">
          <params>
            <param index="0">
              <value>
                <![CDATA[[TestResult name=verifyRowCountofExpenseCategoryTable status=SUCCESS method=ExpenseCategoryTest.verifyRowCountofExpenseCategoryTable()[pri:0, instance:com.obsqura.testscripts.ExpenseCategoryTest@799f10e1] output={null}]]]>
              </value>
            </param>
          </params>
          <reporter-output>
          </reporter-output>
        </test-method> <!-- browserQuit -->
        <test-method status="PASS" signature="initializeBrowser(java.lang.String)[pri:0, instance:com.obsqura.testscripts.ExpenseCategoryTest@799f10e1]" name="initializeBrowser" is-config="true" duration-ms="2453" started-at="2023-05-01T21:52:56 IST" finished-at="2023-05-01T21:52:58 IST">
          <params>
            <param index="0">
              <value>
                <![CDATA[Chrome]]>
              </value>
            </param>
          </params>
          <reporter-output>
          </reporter-output>
        </test-method> <!-- initializeBrowser -->
        <test-method status="PASS" signature="verifyWidthOfActionColumn()[pri:0, instance:com.obsqura.testscripts.ExpenseCategoryTest@799f10e1]" name="verifyWidthOfActionColumn" duration-ms="1855" started-at="2023-05-01T21:52:58 IST" finished-at="2023-05-01T21:53:00 IST">
          <reporter-output>
          </reporter-output>
        </test-method> <!-- verifyWidthOfActionColumn -->
        <test-method status="PASS" signature="browserQuit(org.testng.ITestResult)[pri:0, instance:com.obsqura.testscripts.ExpenseCategoryTest@799f10e1]" name="browserQuit" is-config="true" duration-ms="730" started-at="2023-05-01T21:53:00 IST" finished-at="2023-05-01T21:53:01 IST">
          <params>
            <param index="0">
              <value>
                <![CDATA[[TestResult name=verifyWidthOfActionColumn status=SUCCESS method=ExpenseCategoryTest.verifyWidthOfActionColumn()[pri:0, instance:com.obsqura.testscripts.ExpenseCategoryTest@799f10e1] output={null}]]]>
              </value>
            </param>
          </params>
          <reporter-output>
          </reporter-output>
        </test-method> <!-- browserQuit -->
      </class> <!-- com.obsqura.testscripts.ExpenseCategoryTest -->
      <class name="com.obsqura.testscripts.ManageDeliveryBoyTest">
        <test-method status="PASS" signature="initializeBrowser(java.lang.String)[pri:0, instance:com.obsqura.testscripts.ManageDeliveryBoyTest@689604d9]" name="initializeBrowser" is-config="true" duration-ms="2872" started-at="2023-05-01T21:52:09 IST" finished-at="2023-05-01T21:52:12 IST">
          <params>
            <param index="0">
              <value>
                <![CDATA[Chrome]]>
              </value>
            </param>
          </params>
          <reporter-output>
          </reporter-output>
        </test-method> <!-- initializeBrowser -->
        <test-method status="PASS" signature="verifyTitleListDeliveryBoyWhenNavigatetoTheManageDeliveryBoyPage()[pri:0, instance:com.obsqura.testscripts.ManageDeliveryBoyTest@689604d9]" name="verifyTitleListDeliveryBoyWhenNavigatetoTheManageDeliveryBoyPage" duration-ms="1621" started-at="2023-05-01T21:52:12 IST" finished-at="2023-05-01T21:52:13 IST">
          <reporter-output>
          </reporter-output>
        </test-method> <!-- verifyTitleListDeliveryBoyWhenNavigatetoTheManageDeliveryBoyPage -->
        <test-method status="PASS" signature="browserQuit(org.testng.ITestResult)[pri:0, instance:com.obsqura.testscripts.ManageDeliveryBoyTest@689604d9]" name="browserQuit" is-config="true" duration-ms="683" started-at="2023-05-01T21:52:13 IST" finished-at="2023-05-01T21:52:14 IST">
          <params>
            <param index="0">
              <value>
                <![CDATA[[TestResult name=verifyTitleListDeliveryBoyWhenNavigatetoTheManageDeliveryBoyPage status=SUCCESS method=ManageDeliveryBoyTest.verifyTitleListDeliveryBoyWhenNavigatetoTheManageDeliveryBoyPage()[pri:0, instance:com.obsqura.testscripts.ManageDeliveryBoyTest@689604d9] output={null}]]]>
              </value>
            </param>
          </params>
          <reporter-output>
          </reporter-output>
        </test-method> <!-- browserQuit -->
        <test-method status="PASS" signature="initializeBrowser(java.lang.String)[pri:0, instance:com.obsqura.testscripts.ManageDeliveryBoyTest@689604d9]" name="initializeBrowser" is-config="true" duration-ms="2671" started-at="2023-05-01T21:52:14 IST" finished-at="2023-05-01T21:52:17 IST">
          <params>
            <param index="0">
              <value>
                <![CDATA[Chrome]]>
              </value>
            </param>
          </params>
          <reporter-output>
          </reporter-output>
        </test-method> <!-- initializeBrowser -->
        <test-method status="PASS" signature="verifynewDeliveryBoyDetailsUpdated()[pri:0, instance:com.obsqura.testscripts.ManageDeliveryBoyTest@689604d9]" name="verifynewDeliveryBoyDetailsUpdated" duration-ms="5510" started-at="2023-05-01T21:52:17 IST" finished-at="2023-05-01T21:52:22 IST">
          <reporter-output>
          </reporter-output>
        </test-method> <!-- verifynewDeliveryBoyDetailsUpdated -->
        <test-method status="PASS" signature="browserQuit(org.testng.ITestResult)[pri:0, instance:com.obsqura.testscripts.ManageDeliveryBoyTest@689604d9]" name="browserQuit" is-config="true" duration-ms="693" started-at="2023-05-01T21:52:22 IST" finished-at="2023-05-01T21:52:23 IST">
          <params>
            <param index="0">
              <value>
                <![CDATA[[TestResult name=verifynewDeliveryBoyDetailsUpdated status=SUCCESS method=ManageDeliveryBoyTest.verifynewDeliveryBoyDetailsUpdated()[pri:0, instance:com.obsqura.testscripts.ManageDeliveryBoyTest@689604d9] output={null}]]]>
              </value>
            </param>
          </params>
          <reporter-output>
          </reporter-output>
        </test-method> <!-- browserQuit -->
        <test-method status="PASS" signature="initializeBrowser(java.lang.String)[pri:0, instance:com.obsqura.testscripts.ManageDeliveryBoyTest@689604d9]" name="initializeBrowser" is-config="true" duration-ms="5709" started-at="2023-05-01T21:52:23 IST" finished-at="2023-05-01T21:52:29 IST">
          <params>
            <param index="0">
              <value>
                <![CDATA[Chrome]]>
              </value>
            </param>
          </params>
          <reporter-output>
          </reporter-output>
        </test-method> <!-- initializeBrowser -->
        <test-method status="PASS" signature="verifythatWhenaddingNewDeliveryBoyduplicateUserNameisNotAllowed()[pri:0, instance:com.obsqura.testscripts.ManageDeliveryBoyTest@689604d9]" name="verifythatWhenaddingNewDeliveryBoyduplicateUserNameisNotAllowed" duration-ms="3379" started-at="2023-05-01T21:52:29 IST" finished-at="2023-05-01T21:52:32 IST">
          <reporter-output>
          </reporter-output>
        </test-method> <!-- verifythatWhenaddingNewDeliveryBoyduplicateUserNameisNotAllowed -->
        <test-method status="PASS" signature="browserQuit(org.testng.ITestResult)[pri:0, instance:com.obsqura.testscripts.ManageDeliveryBoyTest@689604d9]" name="browserQuit" is-config="true" duration-ms="675" started-at="2023-05-01T21:52:32 IST" finished-at="2023-05-01T21:52:33 IST">
          <params>
            <param index="0">
              <value>
                <![CDATA[[TestResult name=verifythatWhenaddingNewDeliveryBoyduplicateUserNameisNotAllowed status=SUCCESS method=ManageDeliveryBoyTest.verifythatWhenaddingNewDeliveryBoyduplicateUserNameisNotAllowed()[pri:0, instance:com.obsqura.testscripts.ManageDeliveryBoyTest@689604d9] output={null}]]]>
              </value>
            </param>
          </params>
          <reporter-output>
          </reporter-output>
        </test-method> <!-- browserQuit -->
      </class> <!-- com.obsqura.testscripts.ManageDeliveryBoyTest -->
      <class name="com.obsqura.testscripts.ManagePaymentMethodsTest">
        <test-method status="PASS" signature="initializeBrowser(java.lang.String)[pri:0, instance:com.obsqura.testscripts.ManagePaymentMethodsTest@35d019a3]" name="initializeBrowser" is-config="true" duration-ms="2817" started-at="2023-05-01T21:51:58 IST" finished-at="2023-05-01T21:52:01 IST">
          <params>
            <param index="0">
              <value>
                <![CDATA[Chrome]]>
              </value>
            </param>
          </params>
          <reporter-output>
          </reporter-output>
        </test-method> <!-- initializeBrowser -->
        <test-method status="PASS" signature="verifytableheadersofManagePaymentMethods()[pri:0, instance:com.obsqura.testscripts.ManagePaymentMethodsTest@35d019a3]" name="verifytableheadersofManagePaymentMethods" duration-ms="1651" started-at="2023-05-01T21:52:01 IST" finished-at="2023-05-01T21:52:02 IST">
          <reporter-output>
          </reporter-output>
        </test-method> <!-- verifytableheadersofManagePaymentMethods -->
        <test-method status="PASS" signature="browserQuit(org.testng.ITestResult)[pri:0, instance:com.obsqura.testscripts.ManagePaymentMethodsTest@35d019a3]" name="browserQuit" is-config="true" duration-ms="686" started-at="2023-05-01T21:52:02 IST" finished-at="2023-05-01T21:52:03 IST">
          <params>
            <param index="0">
              <value>
                <![CDATA[[TestResult name=verifytableheadersofManagePaymentMethods status=SUCCESS method=ManagePaymentMethodsTest.verifytableheadersofManagePaymentMethods()[pri:0, instance:com.obsqura.testscripts.ManagePaymentMethodsTest@35d019a3] output={null}]]]>
              </value>
            </param>
          </params>
          <reporter-output>
          </reporter-output>
        </test-method> <!-- browserQuit -->
        <test-method status="PASS" signature="initializeBrowser(java.lang.String)[pri:0, instance:com.obsqura.testscripts.ManagePaymentMethodsTest@35d019a3]" name="initializeBrowser" is-config="true" duration-ms="2651" started-at="2023-05-01T21:52:03 IST" finished-at="2023-05-01T21:52:06 IST">
          <params>
            <param index="0">
              <value>
                <![CDATA[Chrome]]>
              </value>
            </param>
          </params>
          <reporter-output>
          </reporter-output>
        </test-method> <!-- initializeBrowser -->
        <test-method status="PASS" signature="verifythatEditchangesInPaylimitUpdatedInManagePaymentMethodsTable()[pri:0, instance:com.obsqura.testscripts.ManagePaymentMethodsTest@35d019a3]" name="verifythatEditchangesInPaylimitUpdatedInManagePaymentMethodsTable" duration-ms="2469" started-at="2023-05-01T21:52:06 IST" finished-at="2023-05-01T21:52:08 IST">
          <reporter-output>
          </reporter-output>
        </test-method> <!-- verifythatEditchangesInPaylimitUpdatedInManagePaymentMethodsTable -->
        <test-method status="PASS" signature="browserQuit(org.testng.ITestResult)[pri:0, instance:com.obsqura.testscripts.ManagePaymentMethodsTest@35d019a3]" name="browserQuit" is-config="true" duration-ms="696" started-at="2023-05-01T21:52:08 IST" finished-at="2023-05-01T21:52:09 IST">
          <params>
            <param index="0">
              <value>
                <![CDATA[[TestResult name=verifythatEditchangesInPaylimitUpdatedInManagePaymentMethodsTable status=SUCCESS method=ManagePaymentMethodsTest.verifythatEditchangesInPaylimitUpdatedInManagePaymentMethodsTable()[pri:0, instance:com.obsqura.testscripts.ManagePaymentMethodsTest@35d019a3] output={null}]]]>
              </value>
            </param>
          </params>
          <reporter-output>
          </reporter-output>
        </test-method> <!-- browserQuit -->
      </class> <!-- com.obsqura.testscripts.ManagePaymentMethodsTest -->
      <class name="com.obsqura.testscripts.ManageSliderTest">
        <test-method status="PASS" signature="initializeBrowser(java.lang.String)[pri:0, instance:com.obsqura.testscripts.ManageSliderTest@18078bef]" name="initializeBrowser" is-config="true" duration-ms="2476" started-at="2023-05-01T21:52:33 IST" finished-at="2023-05-01T21:52:35 IST">
          <params>
            <param index="0">
              <value>
                <![CDATA[Chrome]]>
              </value>
            </param>
          </params>
          <reporter-output>
          </reporter-output>
        </test-method> <!-- initializeBrowser -->
        <test-method status="PASS" signature="verifyImageUploadedSuccesfully()[pri:0, instance:com.obsqura.testscripts.ManageSliderTest@18078bef]" name="verifyImageUploadedSuccesfully" duration-ms="2939" started-at="2023-05-01T21:52:35 IST" finished-at="2023-05-01T21:52:38 IST">
          <reporter-output>
          </reporter-output>
        </test-method> <!-- verifyImageUploadedSuccesfully -->
        <test-method status="PASS" signature="browserQuit(org.testng.ITestResult)[pri:0, instance:com.obsqura.testscripts.ManageSliderTest@18078bef]" name="browserQuit" is-config="true" duration-ms="684" started-at="2023-05-01T21:52:38 IST" finished-at="2023-05-01T21:52:39 IST">
          <params>
            <param index="0">
              <value>
                <![CDATA[[TestResult name=verifyImageUploadedSuccesfully status=SUCCESS method=ManageSliderTest.verifyImageUploadedSuccesfully()[pri:0, instance:com.obsqura.testscripts.ManageSliderTest@18078bef] output={null}]]]>
              </value>
            </param>
          </params>
          <reporter-output>
          </reporter-output>
        </test-method> <!-- browserQuit -->
        <test-method status="PASS" signature="initializeBrowser(java.lang.String)[pri:0, instance:com.obsqura.testscripts.ManageSliderTest@18078bef]" name="initializeBrowser" is-config="true" duration-ms="3398" started-at="2023-05-01T21:52:39 IST" finished-at="2023-05-01T21:52:42 IST">
          <params>
            <param index="0">
              <value>
                <![CDATA[Chrome]]>
              </value>
            </param>
          </params>
          <reporter-output>
          </reporter-output>
        </test-method> <!-- initializeBrowser -->
        <test-method status="PASS" signature="verifyeditbuttonAllignedBeforeDeleteButton()[pri:0, instance:com.obsqura.testscripts.ManageSliderTest@18078bef]" name="verifyeditbuttonAllignedBeforeDeleteButton" duration-ms="1881" started-at="2023-05-01T21:52:42 IST" finished-at="2023-05-01T21:52:44 IST">
          <reporter-output>
          </reporter-output>
        </test-method> <!-- verifyeditbuttonAllignedBeforeDeleteButton -->
        <test-method status="PASS" signature="browserQuit(org.testng.ITestResult)[pri:0, instance:com.obsqura.testscripts.ManageSliderTest@18078bef]" name="browserQuit" is-config="true" duration-ms="743" started-at="2023-05-01T21:52:44 IST" finished-at="2023-05-01T21:52:45 IST">
          <params>
            <param index="0">
              <value>
                <![CDATA[[TestResult name=verifyeditbuttonAllignedBeforeDeleteButton status=SUCCESS method=ManageSliderTest.verifyeditbuttonAllignedBeforeDeleteButton()[pri:0, instance:com.obsqura.testscripts.ManageSliderTest@18078bef] output={null}]]]>
              </value>
            </param>
          </params>
          <reporter-output>
          </reporter-output>
        </test-method> <!-- browserQuit -->
      </class> <!-- com.obsqura.testscripts.ManageSliderTest -->
      <class name="com.obsqura.testscripts.ManageUsersTest">
        <test-method status="PASS" signature="initializeBrowser(java.lang.String)[pri:0, instance:com.obsqura.testscripts.ManageUsersTest@145f66e3]" name="initializeBrowser" is-config="true" duration-ms="2631" started-at="2023-05-01T21:53:31 IST" finished-at="2023-05-01T21:53:34 IST">
          <params>
            <param index="0">
              <value>
                <![CDATA[Chrome]]>
              </value>
            </param>
          </params>
          <reporter-output>
          </reporter-output>
        </test-method> <!-- initializeBrowser -->
        <test-method status="PASS" signature="verifyBackGroundColorOfAlert()[pri:0, instance:com.obsqura.testscripts.ManageUsersTest@145f66e3]" name="verifyBackGroundColorOfAlert" duration-ms="1749" started-at="2023-05-01T21:53:34 IST" finished-at="2023-05-01T21:53:35 IST">
          <reporter-output>
          </reporter-output>
        </test-method> <!-- verifyBackGroundColorOfAlert -->
        <test-method status="PASS" signature="browserQuit(org.testng.ITestResult)[pri:0, instance:com.obsqura.testscripts.ManageUsersTest@145f66e3]" name="browserQuit" is-config="true" duration-ms="699" started-at="2023-05-01T21:53:35 IST" finished-at="2023-05-01T21:53:36 IST">
          <params>
            <param index="0">
              <value>
                <![CDATA[[TestResult name=verifyBackGroundColorOfAlert status=SUCCESS method=ManageUsersTest.verifyBackGroundColorOfAlert()[pri:0, instance:com.obsqura.testscripts.ManageUsersTest@145f66e3] output={null}]]]>
              </value>
            </param>
          </params>
          <reporter-output>
          </reporter-output>
        </test-method> <!-- browserQuit -->
        <test-method status="PASS" signature="initializeBrowser(java.lang.String)[pri:0, instance:com.obsqura.testscripts.ManageUsersTest@145f66e3]" name="initializeBrowser" is-config="true" duration-ms="2885" started-at="2023-05-01T21:53:36 IST" finished-at="2023-05-01T21:53:39 IST">
          <params>
            <param index="0">
              <value>
                <![CDATA[Chrome]]>
              </value>
            </param>
          </params>
          <reporter-output>
          </reporter-output>
        </test-method> <!-- initializeBrowser -->
        <test-method status="PASS" signature="verifySearchFunctinality()[pri:0, instance:com.obsqura.testscripts.ManageUsersTest@145f66e3]" name="verifySearchFunctinality" duration-ms="1927" started-at="2023-05-01T21:53:39 IST" finished-at="2023-05-01T21:53:41 IST">
          <reporter-output>
          </reporter-output>
        </test-method> <!-- verifySearchFunctinality -->
        <test-method status="PASS" signature="browserQuit(org.testng.ITestResult)[pri:0, instance:com.obsqura.testscripts.ManageUsersTest@145f66e3]" name="browserQuit" is-config="true" duration-ms="682" started-at="2023-05-01T21:53:41 IST" finished-at="2023-05-01T21:53:42 IST">
          <params>
            <param index="0">
              <value>
                <![CDATA[[TestResult name=verifySearchFunctinality status=SUCCESS method=ManageUsersTest.verifySearchFunctinality()[pri:0, instance:com.obsqura.testscripts.ManageUsersTest@145f66e3] output={null}]]]>
              </value>
            </param>
          </params>
          <reporter-output>
          </reporter-output>
        </test-method> <!-- browserQuit -->
        <test-method status="PASS" signature="initializeBrowser(java.lang.String)[pri:0, instance:com.obsqura.testscripts.ManageUsersTest@145f66e3]" name="initializeBrowser" is-config="true" duration-ms="2656" started-at="2023-05-01T21:53:42 IST" finished-at="2023-05-01T21:53:44 IST">
          <params>
            <param index="0">
              <value>
                <![CDATA[Chrome]]>
              </value>
            </param>
          </params>
          <reporter-output>
          </reporter-output>
        </test-method> <!-- initializeBrowser -->
        <test-method status="PASS" signature="verifythatWhenclickingPaaswordButtonPasswordIsShownInBelowRow()[pri:0, instance:com.obsqura.testscripts.ManageUsersTest@145f66e3]" name="verifythatWhenclickingPaaswordButtonPasswordIsShownInBelowRow" duration-ms="1223" started-at="2023-05-01T21:53:44 IST" finished-at="2023-05-01T21:53:46 IST">
          <reporter-output>
          </reporter-output>
        </test-method> <!-- verifythatWhenclickingPaaswordButtonPasswordIsShownInBelowRow -->
        <test-method status="PASS" signature="browserQuit(org.testng.ITestResult)[pri:0, instance:com.obsqura.testscripts.ManageUsersTest@145f66e3]" name="browserQuit" is-config="true" duration-ms="711" started-at="2023-05-01T21:53:46 IST" finished-at="2023-05-01T21:53:46 IST">
          <params>
            <param index="0">
              <value>
                <![CDATA[[TestResult name=verifythatWhenclickingPaaswordButtonPasswordIsShownInBelowRow status=SUCCESS method=ManageUsersTest.verifythatWhenclickingPaaswordButtonPasswordIsShownInBelowRow()[pri:0, instance:com.obsqura.testscripts.ManageUsersTest@145f66e3] output={null}]]]>
              </value>
            </param>
          </params>
          <reporter-output>
          </reporter-output>
        </test-method> <!-- browserQuit -->
      </class> <!-- com.obsqura.testscripts.ManageUsersTest -->
      <class name="com.obsqura.testscripts.ManageLocationTest">
        <test-method status="PASS" signature="initializeBrowser(java.lang.String)[pri:0, instance:com.obsqura.testscripts.ManageLocationTest@313ac989]" name="initializeBrowser" is-config="true" duration-ms="2609" started-at="2023-05-01T21:53:59 IST" finished-at="2023-05-01T21:54:02 IST">
          <params>
            <param index="0">
              <value>
                <![CDATA[Chrome]]>
              </value>
            </param>
          </params>
          <reporter-output>
          </reporter-output>
        </test-method> <!-- initializeBrowser -->
        <test-method status="PASS" signature="verifyAddLocationInformations()[pri:0, instance:com.obsqura.testscripts.ManageLocationTest@313ac989]" name="verifyAddLocationInformations" duration-ms="2991" started-at="2023-05-01T21:54:02 IST" finished-at="2023-05-01T21:54:05 IST">
          <reporter-output>
          </reporter-output>
        </test-method> <!-- verifyAddLocationInformations -->
        <test-method status="PASS" signature="browserQuit(org.testng.ITestResult)[pri:0, instance:com.obsqura.testscripts.ManageLocationTest@313ac989]" name="browserQuit" is-config="true" duration-ms="702" started-at="2023-05-01T21:54:05 IST" finished-at="2023-05-01T21:54:06 IST">
          <params>
            <param index="0">
              <value>
                <![CDATA[[TestResult name=verifyAddLocationInformations status=SUCCESS method=ManageLocationTest.verifyAddLocationInformations()[pri:0, instance:com.obsqura.testscripts.ManageLocationTest@313ac989] output={null}]]]>
              </value>
            </param>
          </params>
          <reporter-output>
          </reporter-output>
        </test-method> <!-- browserQuit -->
        <test-method status="PASS" signature="initializeBrowser(java.lang.String)[pri:0, instance:com.obsqura.testscripts.ManageLocationTest@313ac989]" name="initializeBrowser" is-config="true" duration-ms="2518" started-at="2023-05-01T21:54:06 IST" finished-at="2023-05-01T21:54:08 IST">
          <params>
            <param index="0">
              <value>
                <![CDATA[Chrome]]>
              </value>
            </param>
          </params>
          <reporter-output>
          </reporter-output>
        </test-method> <!-- initializeBrowser -->
        <test-method status="PASS" signature="verifyEditFunctionality()[pri:0, instance:com.obsqura.testscripts.ManageLocationTest@313ac989]" name="verifyEditFunctionality" duration-ms="3243" started-at="2023-05-01T21:54:08 IST" finished-at="2023-05-01T21:54:11 IST">
          <reporter-output>
          </reporter-output>
        </test-method> <!-- verifyEditFunctionality -->
        <test-method status="PASS" signature="browserQuit(org.testng.ITestResult)[pri:0, instance:com.obsqura.testscripts.ManageLocationTest@313ac989]" name="browserQuit" is-config="true" duration-ms="715" started-at="2023-05-01T21:54:11 IST" finished-at="2023-05-01T21:54:12 IST">
          <params>
            <param index="0">
              <value>
                <![CDATA[[TestResult name=verifyEditFunctionality status=SUCCESS method=ManageLocationTest.verifyEditFunctionality()[pri:0, instance:com.obsqura.testscripts.ManageLocationTest@313ac989] output={null}]]]>
              </value>
            </param>
          </params>
          <reporter-output>
          </reporter-output>
        </test-method> <!-- browserQuit -->
        <test-method status="PASS" signature="initializeBrowser(java.lang.String)[pri:0, instance:com.obsqura.testscripts.ManageLocationTest@313ac989]" name="initializeBrowser" is-config="true" duration-ms="2595" started-at="2023-05-01T21:54:12 IST" finished-at="2023-05-01T21:54:15 IST">
          <params>
            <param index="0">
              <value>
                <![CDATA[Chrome]]>
              </value>
            </param>
          </params>
          <reporter-output>
          </reporter-output>
        </test-method> <!-- initializeBrowser -->
        <test-method status="SKIP" signature="verifySearchusingCountryAndState()[pri:0, instance:com.obsqura.testscripts.ManageLocationTest@313ac989]" name="verifySearchusingCountryAndState" duration-ms="1791" retried="true" started-at="2023-05-01T21:54:15 IST" finished-at="2023-05-01T21:54:16 IST">
          <exception class="org.openqa.selenium.StaleElementReferenceException">
            <message>
              <![CDATA[stale element reference: element is not attached to the page document
  (Session info: chrome=112.0.5615.138)
For documentation on this error, please visit: https://selenium.dev/exceptions/#stale_element_reference
Build info: version: '4.7.2', revision: '4d4020c3b7'
System info: os.name: 'Windows 10', os.arch: 'amd64', os.version: '10.0', java.version: '1.8.0_202'
Driver info: org.openqa.selenium.chrome.ChromeDriver
Command: [0f929d0031c40f2e63c20eaef06635df, clickElement {id=cac70625-959f-4550-9aed-4040c6a8dbcc}]
Capabilities {acceptInsecureCerts: false, browserName: chrome, browserVersion: 112.0.5615.138, chrome: {chromedriverVersion: 112.0.5615.49 (bd2a7bcb881c..., userDataDir: C:\Users\Admin\AppData\Loca...}, goog:chromeOptions: {debuggerAddress: localhost:49193}, networkConnectionEnabled: false, pageLoadStrategy: normal, platformName: WINDOWS, proxy: Proxy(), se:cdp: ws://localhost:49193/devtoo..., se:cdpVersion: 112.0.5615.138, setWindowRect: true, strictFileInteractability: false, timeouts: {implicit: 0, pageLoad: 300000, script: 30000}, unhandledPromptBehavior: dismiss and notify, webauthn:extension:credBlob: true, webauthn:extension:largeBlob: true, webauthn:extension:minPinLength: true, webauthn:extension:prf: true, webauthn:virtualAuthenticators: true}
Element: [[[[ChromeDriver: chrome on WINDOWS (0f929d0031c40f2e63c20eaef06635df)] -> xpath: //select[@name='state_id']]] -> xpath: .//option[normalize-space(.) = "England"]]
Session ID: 0f929d0031c40f2e63c20eaef06635df]]>
            </message>
            <full-stacktrace>
              <![CDATA[org.openqa.selenium.StaleElementReferenceException: stale element reference: element is not attached to the page document
  (Session info: chrome=112.0.5615.138)
For documentation on this error, please visit: https://selenium.dev/exceptions/#stale_element_reference
Build info: version: '4.7.2', revision: '4d4020c3b7'
System info: os.name: 'Windows 10', os.arch: 'amd64', os.version: '10.0', java.version: '1.8.0_202'
Driver info: org.openqa.selenium.chrome.ChromeDriver
Command: [0f929d0031c40f2e63c20eaef06635df, clickElement {id=cac70625-959f-4550-9aed-4040c6a8dbcc}]
Capabilities {acceptInsecureCerts: false, browserName: chrome, browserVersion: 112.0.5615.138, chrome: {chromedriverVersion: 112.0.5615.49 (bd2a7bcb881c..., userDataDir: C:\Users\Admin\AppData\Loca...}, goog:chromeOptions: {debuggerAddress: localhost:49193}, networkConnectionEnabled: false, pageLoadStrategy: normal, platformName: WINDOWS, proxy: Proxy(), se:cdp: ws://localhost:49193/devtoo..., se:cdpVersion: 112.0.5615.138, setWindowRect: true, strictFileInteractability: false, timeouts: {implicit: 0, pageLoad: 300000, script: 30000}, unhandledPromptBehavior: dismiss and notify, webauthn:extension:credBlob: true, webauthn:extension:largeBlob: true, webauthn:extension:minPinLength: true, webauthn:extension:prf: true, webauthn:virtualAuthenticators: true}
Element: [[[[ChromeDriver: chrome on WINDOWS (0f929d0031c40f2e63c20eaef06635df)] -> xpath: //select[@name='state_id']]] -> xpath: .//option[normalize-space(.) = "England"]]
Session ID: 0f929d0031c40f2e63c20eaef06635df
at sun.reflect.NativeConstructorAccessorImpl.newInstance0(Native Method)
at sun.reflect.NativeConstructorAccessorImpl.newInstance(NativeConstructorAccessorImpl.java:62)
at sun.reflect.DelegatingConstructorAccessorImpl.newInstance(DelegatingConstructorAccessorImpl.java:45)
at java.lang.reflect.Constructor.newInstance(Constructor.java:423)
at org.openqa.selenium.remote.codec.w3c.W3CHttpResponseCodec.createException(W3CHttpResponseCodec.java:200)
at org.openqa.selenium.remote.codec.w3c.W3CHttpResponseCodec.decode(W3CHttpResponseCodec.java:133)
at org.openqa.selenium.remote.codec.w3c.W3CHttpResponseCodec.decode(W3CHttpResponseCodec.java:53)
at org.openqa.selenium.remote.HttpCommandExecutor.execute(HttpCommandExecutor.java:184)
at org.openqa.selenium.remote.service.DriverCommandExecutor.invokeExecute(DriverCommandExecutor.java:167)
at org.openqa.selenium.remote.service.DriverCommandExecutor.execute(DriverCommandExecutor.java:142)
at org.openqa.selenium.remote.RemoteWebDriver.execute(RemoteWebDriver.java:535)
at org.openqa.selenium.remote.RemoteWebElement.execute(RemoteWebElement.java:257)
at org.openqa.selenium.remote.RemoteWebElement.click(RemoteWebElement.java:78)
at org.openqa.selenium.support.ui.Select.setSelected(Select.java:320)
at org.openqa.selenium.support.ui.Select.selectByVisibleText(Select.java:119)
at utilities.PageUtility.selectDropdownbyText(PageUtility.java:49)
at com.obsqura.pages.ManageLocationPage.selectState(ManageLocationPage.java:79)
at com.obsqura.testscripts.ManageLocationTest.verifySearchusingCountryAndState(ManageLocationTest.java:58)
at sun.reflect.NativeMethodAccessorImpl.invoke0(Native Method)
at sun.reflect.NativeMethodAccessorImpl.invoke(NativeMethodAccessorImpl.java:62)
at sun.reflect.DelegatingMethodAccessorImpl.invoke(DelegatingMethodAccessorImpl.java:43)
at java.lang.reflect.Method.invoke(Method.java:498)
at org.testng.internal.MethodInvocationHelper.invokeMethod(MethodInvocationHelper.java:133)
at org.testng.internal.TestInvoker.invokeMethod(TestInvoker.java:598)
at org.testng.internal.TestInvoker.invokeTestMethod(TestInvoker.java:173)
at org.testng.internal.MethodRunner.runInSequence(MethodRunner.java:46)
at org.testng.internal.TestInvoker$MethodInvocationAgent.invoke(TestInvoker.java:824)
at org.testng.internal.TestInvoker.invokeTestMethods(TestInvoker.java:146)
at org.testng.internal.TestMethodWorker.invokeTestMethods(TestMethodWorker.java:146)
at org.testng.internal.TestMethodWorker.run(TestMethodWorker.java:128)
at java.util.ArrayList.forEach(ArrayList.java:1257)
at org.testng.TestRunner.privateRun(TestRunner.java:794)
at org.testng.TestRunner.run(TestRunner.java:596)
at org.testng.SuiteRunner.runTest(SuiteRunner.java:377)
at org.testng.SuiteRunner.runSequentially(SuiteRunner.java:371)
at org.testng.SuiteRunner.privateRun(SuiteRunner.java:332)
at org.testng.SuiteRunner.run(SuiteRunner.java:276)
at org.testng.SuiteRunnerWorker.runSuite(SuiteRunnerWorker.java:53)
at org.testng.SuiteRunnerWorker.run(SuiteRunnerWorker.java:96)
at org.testng.TestNG.runSuitesSequentially(TestNG.java:1212)
at org.testng.TestNG.runSuitesLocally(TestNG.java:1134)
at org.testng.TestNG.runSuites(TestNG.java:1063)
at org.testng.TestNG.run(TestNG.java:1031)
at org.apache.maven.surefire.testng.TestNGExecutor.run(TestNGExecutor.java:284)
at org.apache.maven.surefire.testng.TestNGXmlTestSuite.execute(TestNGXmlTestSuite.java:75)
at org.apache.maven.surefire.testng.TestNGProvider.invoke(TestNGProvider.java:119)
at org.apache.maven.surefire.booter.ForkedBooter.runSuitesInProcess(ForkedBooter.java:428)
at org.apache.maven.surefire.booter.ForkedBooter.execute(ForkedBooter.java:162)
at org.apache.maven.surefire.booter.ForkedBooter.run(ForkedBooter.java:562)
at org.apache.maven.surefire.booter.ForkedBooter.main(ForkedBooter.java:548)
]]>
            </full-stacktrace>
          </exception> <!-- org.openqa.selenium.StaleElementReferenceException -->
          <reporter-output>
          </reporter-output>
        </test-method> <!-- verifySearchusingCountryAndState -->
        <test-method status="PASS" signature="browserQuit(org.testng.ITestResult)[pri:0, instance:com.obsqura.testscripts.ManageLocationTest@313ac989]" name="browserQuit" is-config="true" duration-ms="698" started-at="2023-05-01T21:54:16 IST" finished-at="2023-05-01T21:54:17 IST">
          <params>
            <param index="0">
              <value>
                <![CDATA[[TestResult name=verifySearchusingCountryAndState status=SKIP method=ManageLocationTest.verifySearchusingCountryAndState()[pri:0, instance:com.obsqura.testscripts.ManageLocationTest@313ac989] output={null}]]]>
              </value>
            </param>
          </params>
          <reporter-output>
          </reporter-output>
        </test-method> <!-- browserQuit -->
        <test-method status="PASS" signature="initializeBrowser(java.lang.String)[pri:0, instance:com.obsqura.testscripts.ManageLocationTest@313ac989]" name="initializeBrowser" is-config="true" duration-ms="2534" started-at="2023-05-01T21:54:17 IST" finished-at="2023-05-01T21:54:20 IST">
          <params>
            <param index="0">
              <value>
                <![CDATA[Chrome]]>
              </value>
            </param>
          </params>
          <reporter-output>
          </reporter-output>
        </test-method> <!-- initializeBrowser -->
        <test-method status="SKIP" signature="verifySearchusingCountryAndState()[pri:0, instance:com.obsqura.testscripts.ManageLocationTest@313ac989]" name="verifySearchusingCountryAndState" duration-ms="1822" retried="true" started-at="2023-05-01T21:54:20 IST" finished-at="2023-05-01T21:54:22 IST">
          <exception class="org.openqa.selenium.StaleElementReferenceException">
            <message>
              <![CDATA[stale element reference: element is not attached to the page document
  (Session info: chrome=112.0.5615.138)
For documentation on this error, please visit: https://selenium.dev/exceptions/#stale_element_reference
Build info: version: '4.7.2', revision: '4d4020c3b7'
System info: os.name: 'Windows 10', os.arch: 'amd64', os.version: '10.0', java.version: '1.8.0_202'
Driver info: org.openqa.selenium.chrome.ChromeDriver
Command: [44e49d92c2f44349030224a5a6784741, clickElement {id=5015b871-a902-4ef4-a23b-9b0b3521dafb}]
Capabilities {acceptInsecureCerts: false, browserName: chrome, browserVersion: 112.0.5615.138, chrome: {chromedriverVersion: 112.0.5615.49 (bd2a7bcb881c..., userDataDir: C:\Users\Admin\AppData\Loca...}, goog:chromeOptions: {debuggerAddress: localhost:49245}, networkConnectionEnabled: false, pageLoadStrategy: normal, platformName: WINDOWS, proxy: Proxy(), se:cdp: ws://localhost:49245/devtoo..., se:cdpVersion: 112.0.5615.138, setWindowRect: true, strictFileInteractability: false, timeouts: {implicit: 0, pageLoad: 300000, script: 30000}, unhandledPromptBehavior: dismiss and notify, webauthn:extension:credBlob: true, webauthn:extension:largeBlob: true, webauthn:extension:minPinLength: true, webauthn:extension:prf: true, webauthn:virtualAuthenticators: true}
Element: [[[[ChromeDriver: chrome on WINDOWS (44e49d92c2f44349030224a5a6784741)] -> xpath: //select[@name='state_id']]] -> xpath: .//option[normalize-space(.) = "England"]]
Session ID: 44e49d92c2f44349030224a5a6784741]]>
            </message>
            <full-stacktrace>
              <![CDATA[org.openqa.selenium.StaleElementReferenceException: stale element reference: element is not attached to the page document
  (Session info: chrome=112.0.5615.138)
For documentation on this error, please visit: https://selenium.dev/exceptions/#stale_element_reference
Build info: version: '4.7.2', revision: '4d4020c3b7'
System info: os.name: 'Windows 10', os.arch: 'amd64', os.version: '10.0', java.version: '1.8.0_202'
Driver info: org.openqa.selenium.chrome.ChromeDriver
Command: [44e49d92c2f44349030224a5a6784741, clickElement {id=5015b871-a902-4ef4-a23b-9b0b3521dafb}]
Capabilities {acceptInsecureCerts: false, browserName: chrome, browserVersion: 112.0.5615.138, chrome: {chromedriverVersion: 112.0.5615.49 (bd2a7bcb881c..., userDataDir: C:\Users\Admin\AppData\Loca...}, goog:chromeOptions: {debuggerAddress: localhost:49245}, networkConnectionEnabled: false, pageLoadStrategy: normal, platformName: WINDOWS, proxy: Proxy(), se:cdp: ws://localhost:49245/devtoo..., se:cdpVersion: 112.0.5615.138, setWindowRect: true, strictFileInteractability: false, timeouts: {implicit: 0, pageLoad: 300000, script: 30000}, unhandledPromptBehavior: dismiss and notify, webauthn:extension:credBlob: true, webauthn:extension:largeBlob: true, webauthn:extension:minPinLength: true, webauthn:extension:prf: true, webauthn:virtualAuthenticators: true}
Element: [[[[ChromeDriver: chrome on WINDOWS (44e49d92c2f44349030224a5a6784741)] -> xpath: //select[@name='state_id']]] -> xpath: .//option[normalize-space(.) = "England"]]
Session ID: 44e49d92c2f44349030224a5a6784741
at sun.reflect.NativeConstructorAccessorImpl.newInstance0(Native Method)
at sun.reflect.NativeConstructorAccessorImpl.newInstance(NativeConstructorAccessorImpl.java:62)
at sun.reflect.DelegatingConstructorAccessorImpl.newInstance(DelegatingConstructorAccessorImpl.java:45)
at java.lang.reflect.Constructor.newInstance(Constructor.java:423)
at org.openqa.selenium.remote.codec.w3c.W3CHttpResponseCodec.createException(W3CHttpResponseCodec.java:200)
at org.openqa.selenium.remote.codec.w3c.W3CHttpResponseCodec.decode(W3CHttpResponseCodec.java:133)
at org.openqa.selenium.remote.codec.w3c.W3CHttpResponseCodec.decode(W3CHttpResponseCodec.java:53)
at org.openqa.selenium.remote.HttpCommandExecutor.execute(HttpCommandExecutor.java:184)
at org.openqa.selenium.remote.service.DriverCommandExecutor.invokeExecute(DriverCommandExecutor.java:167)
at org.openqa.selenium.remote.service.DriverCommandExecutor.execute(DriverCommandExecutor.java:142)
at org.openqa.selenium.remote.RemoteWebDriver.execute(RemoteWebDriver.java:535)
at org.openqa.selenium.remote.RemoteWebElement.execute(RemoteWebElement.java:257)
at org.openqa.selenium.remote.RemoteWebElement.click(RemoteWebElement.java:78)
at org.openqa.selenium.support.ui.Select.setSelected(Select.java:320)
at org.openqa.selenium.support.ui.Select.selectByVisibleText(Select.java:119)
at utilities.PageUtility.selectDropdownbyText(PageUtility.java:49)
at com.obsqura.pages.ManageLocationPage.selectState(ManageLocationPage.java:79)
at com.obsqura.testscripts.ManageLocationTest.verifySearchusingCountryAndState(ManageLocationTest.java:58)
at sun.reflect.NativeMethodAccessorImpl.invoke0(Native Method)
at sun.reflect.NativeMethodAccessorImpl.invoke(NativeMethodAccessorImpl.java:62)
at sun.reflect.DelegatingMethodAccessorImpl.invoke(DelegatingMethodAccessorImpl.java:43)
at java.lang.reflect.Method.invoke(Method.java:498)
at org.testng.internal.MethodInvocationHelper.invokeMethod(MethodInvocationHelper.java:133)
at org.testng.internal.TestInvoker.invokeMethod(TestInvoker.java:598)
at org.testng.internal.TestInvoker.retryFailed(TestInvoker.java:213)
at org.testng.internal.MethodRunner.runInSequence(MethodRunner.java:58)
at org.testng.internal.TestInvoker$MethodInvocationAgent.invoke(TestInvoker.java:824)
at org.testng.internal.TestInvoker.invokeTestMethods(TestInvoker.java:146)
at org.testng.internal.TestMethodWorker.invokeTestMethods(TestMethodWorker.java:146)
at org.testng.internal.TestMethodWorker.run(TestMethodWorker.java:128)
at java.util.ArrayList.forEach(ArrayList.java:1257)
at org.testng.TestRunner.privateRun(TestRunner.java:794)
at org.testng.TestRunner.run(TestRunner.java:596)
at org.testng.SuiteRunner.runTest(SuiteRunner.java:377)
at org.testng.SuiteRunner.runSequentially(SuiteRunner.java:371)
at org.testng.SuiteRunner.privateRun(SuiteRunner.java:332)
at org.testng.SuiteRunner.run(SuiteRunner.java:276)
at org.testng.SuiteRunnerWorker.runSuite(SuiteRunnerWorker.java:53)
at org.testng.SuiteRunnerWorker.run(SuiteRunnerWorker.java:96)
at org.testng.TestNG.runSuitesSequentially(TestNG.java:1212)
at org.testng.TestNG.runSuitesLocally(TestNG.java:1134)
at org.testng.TestNG.runSuites(TestNG.java:1063)
at org.testng.TestNG.run(TestNG.java:1031)
at org.apache.maven.surefire.testng.TestNGExecutor.run(TestNGExecutor.java:284)
at org.apache.maven.surefire.testng.TestNGXmlTestSuite.execute(TestNGXmlTestSuite.java:75)
at org.apache.maven.surefire.testng.TestNGProvider.invoke(TestNGProvider.java:119)
at org.apache.maven.surefire.booter.ForkedBooter.runSuitesInProcess(ForkedBooter.java:428)
at org.apache.maven.surefire.booter.ForkedBooter.execute(ForkedBooter.java:162)
at org.apache.maven.surefire.booter.ForkedBooter.run(ForkedBooter.java:562)
at org.apache.maven.surefire.booter.ForkedBooter.main(ForkedBooter.java:548)
]]>
            </full-stacktrace>
          </exception> <!-- org.openqa.selenium.StaleElementReferenceException -->
          <reporter-output>
          </reporter-output>
        </test-method> <!-- verifySearchusingCountryAndState -->
        <test-method status="PASS" signature="browserQuit(org.testng.ITestResult)[pri:0, instance:com.obsqura.testscripts.ManageLocationTest@313ac989]" name="browserQuit" is-config="true" duration-ms="733" started-at="2023-05-01T21:54:22 IST" finished-at="2023-05-01T21:54:22 IST">
          <params>
            <param index="0">
              <value>
                <![CDATA[[TestResult name=verifySearchusingCountryAndState status=SKIP method=ManageLocationTest.verifySearchusingCountryAndState()[pri:0, instance:com.obsqura.testscripts.ManageLocationTest@313ac989] output={null}]]]>
              </value>
            </param>
          </params>
          <reporter-output>
          </reporter-output>
        </test-method> <!-- browserQuit -->
        <test-method status="PASS" signature="initializeBrowser(java.lang.String)[pri:0, instance:com.obsqura.testscripts.ManageLocationTest@313ac989]" name="initializeBrowser" is-config="true" duration-ms="2600" started-at="2023-05-01T21:54:22 IST" finished-at="2023-05-01T21:54:25 IST">
          <params>
            <param index="0">
              <value>
                <![CDATA[Chrome]]>
              </value>
            </param>
          </params>
          <reporter-output>
          </reporter-output>
        </test-method> <!-- initializeBrowser -->
        <test-method status="PASS" signature="verifySearchusingCountryAndState()[pri:0, instance:com.obsqura.testscripts.ManageLocationTest@313ac989]" name="verifySearchusingCountryAndState" duration-ms="4158" started-at="2023-05-01T21:54:25 IST" finished-at="2023-05-01T21:54:29 IST">
          <reporter-output>
          </reporter-output>
        </test-method> <!-- verifySearchusingCountryAndState -->
        <test-method status="PASS" signature="browserQuit(org.testng.ITestResult)[pri:0, instance:com.obsqura.testscripts.ManageLocationTest@313ac989]" name="browserQuit" is-config="true" duration-ms="711" started-at="2023-05-01T21:54:29 IST" finished-at="2023-05-01T21:54:30 IST">
          <params>
            <param index="0">
              <value>
                <![CDATA[[TestResult name=verifySearchusingCountryAndState status=SUCCESS method=ManageLocationTest.verifySearchusingCountryAndState()[pri:0, instance:com.obsqura.testscripts.ManageLocationTest@313ac989] output={null}]]]>
              </value>
            </param>
          </params>
          <reporter-output>
          </reporter-output>
        </test-method> <!-- browserQuit -->
      </class> <!-- com.obsqura.testscripts.ManageLocationTest -->
      <class name="com.obsqura.testscripts.PushNotificationsTest">
        <test-method status="PASS" signature="initializeBrowser(java.lang.String)[pri:0, instance:com.obsqura.testscripts.PushNotificationsTest@351d00c0]" name="initializeBrowser" is-config="true" duration-ms="16319" started-at="2023-05-01T21:51:17 IST" finished-at="2023-05-01T21:51:33 IST">
          <params>
            <param index="0">
              <value>
                <![CDATA[Chrome]]>
              </value>
            </param>
          </params>
          <reporter-output>
          </reporter-output>
        </test-method> <!-- initializeBrowser -->
        <test-method status="PASS" signature="verfyNotificationSentSuccessfully()[pri:0, instance:com.obsqura.testscripts.PushNotificationsTest@351d00c0]" name="verfyNotificationSentSuccessfully" duration-ms="13587" started-at="2023-05-01T21:51:33 IST" finished-at="2023-05-01T21:51:47 IST">
          <reporter-output>
          </reporter-output>
        </test-method> <!-- verfyNotificationSentSuccessfully -->
        <test-method status="PASS" signature="browserQuit(org.testng.ITestResult)[pri:0, instance:com.obsqura.testscripts.PushNotificationsTest@351d00c0]" name="browserQuit" is-config="true" duration-ms="702" started-at="2023-05-01T21:51:47 IST" finished-at="2023-05-01T21:51:47 IST">
          <params>
            <param index="0">
              <value>
                <![CDATA[[TestResult name=verfyNotificationSentSuccessfully status=SUCCESS method=PushNotificationsTest.verfyNotificationSentSuccessfully()[pri:0, instance:com.obsqura.testscripts.PushNotificationsTest@351d00c0] output={null}]]]>
              </value>
            </param>
          </params>
          <reporter-output>
          </reporter-output>
        </test-method> <!-- browserQuit -->
      </class> <!-- com.obsqura.testscripts.PushNotificationsTest -->
      <class name="com.obsqura.testscripts.ManagePagesTest">
        <test-method status="PASS" signature="initializeBrowser(java.lang.String)[pri:0, instance:com.obsqura.testscripts.ManagePagesTest@55b699ef]" name="initializeBrowser" is-config="true" duration-ms="2598" started-at="2023-05-01T21:51:47 IST" finished-at="2023-05-01T21:51:50 IST">
          <params>
            <param index="0">
              <value>
                <![CDATA[Chrome]]>
              </value>
            </param>
          </params>
          <reporter-output>
          </reporter-output>
        </test-method> <!-- initializeBrowser -->
        <test-method status="PASS" signature="verifyBackgroundColorOfNewButton()[pri:0, instance:com.obsqura.testscripts.ManagePagesTest@55b699ef]" name="verifyBackgroundColorOfNewButton" duration-ms="1862" started-at="2023-05-01T21:51:50 IST" finished-at="2023-05-01T21:51:52 IST">
          <reporter-output>
          </reporter-output>
        </test-method> <!-- verifyBackgroundColorOfNewButton -->
        <test-method status="PASS" signature="browserQuit(org.testng.ITestResult)[pri:0, instance:com.obsqura.testscripts.ManagePagesTest@55b699ef]" name="browserQuit" is-config="true" duration-ms="680" started-at="2023-05-01T21:51:52 IST" finished-at="2023-05-01T21:51:53 IST">
          <params>
            <param index="0">
              <value>
                <![CDATA[[TestResult name=verifyBackgroundColorOfNewButton status=SUCCESS method=ManagePagesTest.verifyBackgroundColorOfNewButton()[pri:0, instance:com.obsqura.testscripts.ManagePagesTest@55b699ef] output={null}]]]>
              </value>
            </param>
          </params>
          <reporter-output>
          </reporter-output>
        </test-method> <!-- browserQuit -->
        <test-method status="PASS" signature="initializeBrowser(java.lang.String)[pri:0, instance:com.obsqura.testscripts.ManagePagesTest@55b699ef]" name="initializeBrowser" is-config="true" duration-ms="2588" started-at="2023-05-01T21:51:53 IST" finished-at="2023-05-01T21:51:55 IST">
          <params>
            <param index="0">
              <value>
                <![CDATA[Chrome]]>
              </value>
            </param>
          </params>
          <reporter-output>
          </reporter-output>
        </test-method> <!-- initializeBrowser -->
        <test-method status="PASS" signature="verifySearchfunctinality()[pri:0, instance:com.obsqura.testscripts.ManagePagesTest@55b699ef]" name="verifySearchfunctinality" duration-ms="1931" started-at="2023-05-01T21:51:55 IST" finished-at="2023-05-01T21:51:57 IST">
          <reporter-output>
          </reporter-output>
        </test-method> <!-- verifySearchfunctinality -->
        <test-method status="PASS" signature="browserQuit(org.testng.ITestResult)[pri:0, instance:com.obsqura.testscripts.ManagePagesTest@55b699ef]" name="browserQuit" is-config="true" duration-ms="705" started-at="2023-05-01T21:51:57 IST" finished-at="2023-05-01T21:51:58 IST">
          <params>
            <param index="0">
              <value>
                <![CDATA[[TestResult name=verifySearchfunctinality status=SUCCESS method=ManagePagesTest.verifySearchfunctinality()[pri:0, instance:com.obsqura.testscripts.ManagePagesTest@55b699ef] output={null}]]]>
              </value>
            </param>
          </params>
          <reporter-output>
          </reporter-output>
        </test-method> <!-- browserQuit -->
      </class> <!-- com.obsqura.testscripts.ManagePagesTest -->
      <class name="com.obsqura.testscripts.ManageOfferCodeTest">
        <test-method status="PASS" signature="initializeBrowser(java.lang.String)[pri:0, instance:com.obsqura.testscripts.ManageOfferCodeTest@3023df74]" name="initializeBrowser" is-config="true" duration-ms="2587" started-at="2023-05-01T21:53:46 IST" finished-at="2023-05-01T21:53:49 IST">
          <params>
            <param index="0">
              <value>
                <![CDATA[Chrome]]>
              </value>
            </param>
          </params>
          <reporter-output>
          </reporter-output>
        </test-method> <!-- initializeBrowser -->
        <test-method status="PASS" signature="verifyNewFunctinalityinOfferCodesListAndOffercodeUpdatedSuccessfully()[pri:0, instance:com.obsqura.testscripts.ManageOfferCodeTest@3023df74]" name="verifyNewFunctinalityinOfferCodesListAndOffercodeUpdatedSuccessfully" duration-ms="3378" started-at="2023-05-01T21:53:49 IST" finished-at="2023-05-01T21:53:52 IST">
          <reporter-output>
          </reporter-output>
        </test-method> <!-- verifyNewFunctinalityinOfferCodesListAndOffercodeUpdatedSuccessfully -->
        <test-method status="PASS" signature="browserQuit(org.testng.ITestResult)[pri:0, instance:com.obsqura.testscripts.ManageOfferCodeTest@3023df74]" name="browserQuit" is-config="true" duration-ms="706" started-at="2023-05-01T21:53:52 IST" finished-at="2023-05-01T21:53:53 IST">
          <params>
            <param index="0">
              <value>
                <![CDATA[[TestResult name=verifyNewFunctinalityinOfferCodesListAndOffercodeUpdatedSuccessfully status=SUCCESS method=ManageOfferCodeTest.verifyNewFunctinalityinOfferCodesListAndOffercodeUpdatedSuccessfully()[pri:0, instance:com.obsqura.testscripts.ManageOfferCodeTest@3023df74] output={null}]]]>
              </value>
            </param>
          </params>
          <reporter-output>
          </reporter-output>
        </test-method> <!-- browserQuit -->
        <test-method status="PASS" signature="initializeBrowser(java.lang.String)[pri:0, instance:com.obsqura.testscripts.ManageOfferCodeTest@3023df74]" name="initializeBrowser" is-config="true" duration-ms="3583" started-at="2023-05-01T21:53:53 IST" finished-at="2023-05-01T21:53:56 IST">
          <params>
            <param index="0">
              <value>
                <![CDATA[Chrome]]>
              </value>
            </param>
          </params>
          <reporter-output>
          </reporter-output>
        </test-method> <!-- initializeBrowser -->
        <test-method status="PASS" signature="verifySearchIfElementisNotPresent()[pri:0, instance:com.obsqura.testscripts.ManageOfferCodeTest@3023df74]" name="verifySearchIfElementisNotPresent" duration-ms="2143" started-at="2023-05-01T21:53:56 IST" finished-at="2023-05-01T21:53:59 IST">
          <reporter-output>
          </reporter-output>
        </test-method> <!-- verifySearchIfElementisNotPresent -->
        <test-method status="PASS" signature="browserQuit(org.testng.ITestResult)[pri:0, instance:com.obsqura.testscripts.ManageOfferCodeTest@3023df74]" name="browserQuit" is-config="true" duration-ms="701" started-at="2023-05-01T21:53:59 IST" finished-at="2023-05-01T21:53:59 IST">
          <params>
            <param index="0">
              <value>
                <![CDATA[[TestResult name=verifySearchIfElementisNotPresent status=SUCCESS method=ManageOfferCodeTest.verifySearchIfElementisNotPresent()[pri:0, instance:com.obsqura.testscripts.ManageOfferCodeTest@3023df74] output={null}]]]>
              </value>
            </param>
          </params>
          <reporter-output>
          </reporter-output>
        </test-method> <!-- browserQuit -->
      </class> <!-- com.obsqura.testscripts.ManageOfferCodeTest -->
      <class name="com.obsqura.testscripts.ManageProductTest">
        <test-method status="PASS" signature="initializeBrowser(java.lang.String)[pri:0, instance:com.obsqura.testscripts.ManageProductTest@49e53c76]" name="initializeBrowser" is-config="true" duration-ms="3355" started-at="2023-05-01T21:51:06 IST" finished-at="2023-05-01T21:51:09 IST">
          <params>
            <param index="0">
              <value>
                <![CDATA[Chrome]]>
              </value>
            </param>
          </params>
          <reporter-output>
          </reporter-output>
        </test-method> <!-- initializeBrowser -->
        <test-method status="PASS" signature="verifyColorChangeofStockUnlimitedButtontoLimited()[pri:0, instance:com.obsqura.testscripts.ManageProductTest@49e53c76]" name="verifyColorChangeofStockUnlimitedButtontoLimited" duration-ms="2207" started-at="2023-05-01T21:51:09 IST" finished-at="2023-05-01T21:51:11 IST">
          <reporter-output>
          </reporter-output>
        </test-method> <!-- verifyColorChangeofStockUnlimitedButtontoLimited -->
        <test-method status="PASS" signature="browserQuit(org.testng.ITestResult)[pri:0, instance:com.obsqura.testscripts.ManageProductTest@49e53c76]" name="browserQuit" is-config="true" duration-ms="702" started-at="2023-05-01T21:51:11 IST" finished-at="2023-05-01T21:51:12 IST">
          <params>
            <param index="0">
              <value>
                <![CDATA[[TestResult name=verifyColorChangeofStockUnlimitedButtontoLimited status=SUCCESS method=ManageProductTest.verifyColorChangeofStockUnlimitedButtontoLimited()[pri:0, instance:com.obsqura.testscripts.ManageProductTest@49e53c76] output={null}]]]>
              </value>
            </param>
          </params>
          <reporter-output>
          </reporter-output>
        </test-method> <!-- browserQuit -->
        <test-method status="PASS" signature="initializeBrowser(java.lang.String)[pri:0, instance:com.obsqura.testscripts.ManageProductTest@49e53c76]" name="initializeBrowser" is-config="true" duration-ms="2733" started-at="2023-05-01T21:51:12 IST" finished-at="2023-05-01T21:51:15 IST">
          <params>
            <param index="0">
              <value>
                <![CDATA[Chrome]]>
              </value>
            </param>
          </params>
          <reporter-output>
          </reporter-output>
        </test-method> <!-- initializeBrowser -->
        <test-method status="PASS" signature="verifyManageProductPageIsAvailableWhenClickintoManageProductfromleftPane()[pri:0, instance:com.obsqura.testscripts.ManageProductTest@49e53c76]" name="verifyManageProductPageIsAvailableWhenClickintoManageProductfromleftPane" duration-ms="1470" started-at="2023-05-01T21:51:15 IST" finished-at="2023-05-01T21:51:16 IST">
          <reporter-output>
          </reporter-output>
        </test-method> <!-- verifyManageProductPageIsAvailableWhenClickintoManageProductfromleftPane -->
        <test-method status="PASS" signature="browserQuit(org.testng.ITestResult)[pri:0, instance:com.obsqura.testscripts.ManageProductTest@49e53c76]" name="browserQuit" is-config="true" duration-ms="695" started-at="2023-05-01T21:51:16 IST" finished-at="2023-05-01T21:51:17 IST">
          <params>
            <param index="0">
              <value>
                <![CDATA[[TestResult name=verifyManageProductPageIsAvailableWhenClickintoManageProductfromleftPane status=SUCCESS method=ManageProductTest.verifyManageProductPageIsAvailableWhenClickintoManageProductfromleftPane()[pri:0, instance:com.obsqura.testscripts.ManageProductTest@49e53c76] output={null}]]]>
              </value>
            </param>
          </params>
          <reporter-output>
          </reporter-output>
        </test-method> <!-- browserQuit -->
      </class> <!-- com.obsqura.testscripts.ManageProductTest -->
    </test> <!-- Test -->
  </suite> <!-- Suite -->
</testng-results>
